[ 2017-04-18T09:17:40+08:00 ] ::1 /
INFO: [ app_init ] --START--
INFO: Run Behavior\BuildLiteBehavior [ RunTime:0.000152s ]
INFO: [ app_init ] --END-- [ RunTime:0.001351s ]
INFO: [ app_begin ] --START--
INFO: Run Behavior\ReadHtmlCacheBehavior [ RunTime:0.001106s ]
INFO: [ app_begin ] --END-- [ RunTime:0.002035s ]
SQL: SHOW COLUMNS FROM `axdrice_slide` [ RunTime:0.0150s ]
SQL: SELECT `slideImg`,`slideLink` FROM `axdrice_slide` ORDER BY ord DESC,slideId DESC  [ RunTime:0.0006s ]
SQL: SHOW COLUMNS FROM `axdrice_article` [ RunTime:0.0181s ]
SQL: SELECT `articleImg`,`articleContent` FROM `axdrice_article` WHERE ( articletype=0 ) LIMIT 1   [ RunTime:0.0006s ]
SQL: SELECT `articleId`,`articleTitle`,`addDate` FROM `axdrice_article` WHERE ( articletype=1 AND indexShow=1 ) ORDER BY ord DESC,articleId DESC LIMIT 0,10   [ RunTime:0.0006s ]
INFO: [ view_parse ] --START--
INFO: [ template_filter ] --START--
INFO: Run Behavior\ContentReplaceBehavior [ RunTime:0.000444s ]
INFO: [ template_filter ] --END-- [ RunTime:0.001319s ]
NOTIC: [8] Undefined variable: site E:\xampp\htdocs\axd\Application\Runtime\Cache\Home\2a94b8bda04ff446dcedd42276fc99ee.php 第 6 行.
NOTIC: [8] Undefined variable: site E:\xampp\htdocs\axd\Application\Runtime\Cache\Home\2a94b8bda04ff446dcedd42276fc99ee.php 第 9 行.
NOTIC: [8] Undefined variable: site E:\xampp\htdocs\axd\Application\Runtime\Cache\Home\2a94b8bda04ff446dcedd42276fc99ee.php 第 10 行.
NOTIC: [8] Undefined variable: site E:\xampp\htdocs\axd\Application\Runtime\Cache\Home\2a94b8bda04ff446dcedd42276fc99ee.php 第 127 行.
NOTIC: [8] Undefined variable: site E:\xampp\htdocs\axd\Application\Runtime\Cache\Home\2a94b8bda04ff446dcedd42276fc99ee.php 第 128 行.
NOTIC: [8] Undefined variable: site E:\xampp\htdocs\axd\Application\Runtime\Cache\Home\2a94b8bda04ff446dcedd42276fc99ee.php 第 129 行.
INFO: Run Behavior\ParseTemplateBehavior [ RunTime:0.079503s ]
INFO: [ view_parse ] --END-- [ RunTime:0.080451s ]
INFO: [ view_filter ] --START--
INFO: Run Behavior\WriteHtmlCacheBehavior [ RunTime:0.000840s ]
INFO: [ view_filter ] --END-- [ RunTime:0.001672s ]
INFO: [ app_end ] --START--
INFO: Run Behavior\ShowPageTraceBehavior [ RunTime:0.000856s ]
INFO: [ app_end ] --END-- [ RunTime:0.001702s ]

