[ 2017-07-17T17:06:26+08:00 ] ::1 /axd-tp/
INFO: [ app_init ] --START--
INFO: Run Behavior\BuildLiteBehavior [ RunTime:0.000253s ]
INFO: [ app_init ] --END-- [ RunTime:0.002830s ]
INFO: [ app_begin ] --START--
INFO: Run Behavior\ReadHtmlCacheBehavior [ RunTime:0.002094s ]
INFO: [ app_begin ] --END-- [ RunTime:0.003461s ]
SQL: SHOW COLUMNS FROM `axdrice_slide` [ RunTime:0.0075s ]
SQL: SELECT `slideImg`,`slideLink` FROM `axdrice_slide` ORDER BY ord DESC,slideId DESC  [ RunTime:0.0007s ]
SQL: SHOW COLUMNS FROM `axdrice_article` [ RunTime:0.0065s ]
SQL: SELECT `articleImg`,`articleContent` FROM `axdrice_article` WHERE ( articletype=0 ) LIMIT 1   [ RunTime:0.0007s ]
SQL: SELECT `articleId`,`articleTitle`,`addDate` FROM `axdrice_article` WHERE ( articletype=1 AND indexShow=1 ) ORDER BY ord DESC,articleId DESC LIMIT 0,10   [ RunTime:0.0007s ]
INFO: [ view_parse ] --START--
INFO: [ template_filter ] --START--
INFO: Run Behavior\ContentReplaceBehavior [ RunTime:0.000597s ]
INFO: [ template_filter ] --END-- [ RunTime:0.001931s ]
NOTIC: [8] Undefined variable: site E:\xampp\htdocs\axd-tp\App\Runtime\Cache\Home\00e52909bed743ea261af4b6823297ff.php 第 6 行.
NOTIC: [8] Undefined variable: site E:\xampp\htdocs\axd-tp\App\Runtime\Cache\Home\00e52909bed743ea261af4b6823297ff.php 第 9 行.
NOTIC: [8] Undefined variable: site E:\xampp\htdocs\axd-tp\App\Runtime\Cache\Home\00e52909bed743ea261af4b6823297ff.php 第 10 行.
NOTIC: [8] Undefined variable: site E:\xampp\htdocs\axd-tp\App\Runtime\Cache\Home\00e52909bed743ea261af4b6823297ff.php 第 127 行.
NOTIC: [8] Undefined variable: site E:\xampp\htdocs\axd-tp\App\Runtime\Cache\Home\00e52909bed743ea261af4b6823297ff.php 第 128 行.
NOTIC: [8] Undefined variable: site E:\xampp\htdocs\axd-tp\App\Runtime\Cache\Home\00e52909bed743ea261af4b6823297ff.php 第 129 行.
INFO: Run Behavior\ParseTemplateBehavior [ RunTime:0.126358s ]
INFO: [ view_parse ] --END-- [ RunTime:0.127793s ]
INFO: [ view_filter ] --START--
INFO: Run Behavior\WriteHtmlCacheBehavior [ RunTime:0.017330s ]
INFO: [ view_filter ] --END-- [ RunTime:0.019252s ]
INFO: [ app_end ] --START--
INFO: Run Behavior\ShowPageTraceBehavior [ RunTime:0.002837s ]
INFO: [ app_end ] --END-- [ RunTime:0.004271s ]

