[ 2017-06-13T15:34:34+08:00 ] ::1 /axd-tp/
INFO: [ app_init ] --START--
INFO: Run Behavior\BuildLiteBehavior [ RunTime:0.000794s ]
INFO: [ app_init ] --END-- [ RunTime:0.019689s ]
INFO: [ app_begin ] --START--
INFO: Run Behavior\ReadHtmlCacheBehavior [ RunTime:0.007944s ]
INFO: [ app_begin ] --END-- [ RunTime:0.012398s ]
SQL: SHOW COLUMNS FROM `axdrice_slide` [ RunTime:0.0136s ]
SQL: SELECT `slideImg`,`slideLink` FROM `axdrice_slide` ORDER BY ord DESC,slideId DESC  [ RunTime:0.0021s ]
SQL: SHOW COLUMNS FROM `axdrice_article` [ RunTime:0.0142s ]
SQL: SELECT `articleImg`,`articleContent` FROM `axdrice_article` WHERE ( articletype=0 ) LIMIT 1   [ RunTime:0.0018s ]
SQL: SELECT `articleId`,`articleTitle`,`addDate` FROM `axdrice_article` WHERE ( articletype=1 AND indexShow=1 ) ORDER BY ord DESC,articleId DESC LIMIT 0,10   [ RunTime:0.0018s ]
INFO: [ view_parse ] --START--
INFO: [ template_filter ] --START--
INFO: Run Behavior\ContentReplaceBehavior [ RunTime:0.000604s ]
INFO: [ template_filter ] --END-- [ RunTime:0.002102s ]
NOTIC: [8] Undefined variable: site E:\xampp\htdocs\axd-tp\App\Runtime\Cache\Home\00e52909bed743ea261af4b6823297ff.php 第 6 行.
NOTIC: [8] Undefined variable: site E:\xampp\htdocs\axd-tp\App\Runtime\Cache\Home\00e52909bed743ea261af4b6823297ff.php 第 9 行.
NOTIC: [8] Undefined variable: site E:\xampp\htdocs\axd-tp\App\Runtime\Cache\Home\00e52909bed743ea261af4b6823297ff.php 第 10 行.
NOTIC: [8] Undefined variable: site E:\xampp\htdocs\axd-tp\App\Runtime\Cache\Home\00e52909bed743ea261af4b6823297ff.php 第 127 行.
NOTIC: [8] Undefined variable: site E:\xampp\htdocs\axd-tp\App\Runtime\Cache\Home\00e52909bed743ea261af4b6823297ff.php 第 128 行.
NOTIC: [8] Undefined variable: site E:\xampp\htdocs\axd-tp\App\Runtime\Cache\Home\00e52909bed743ea261af4b6823297ff.php 第 129 行.
INFO: Run Behavior\ParseTemplateBehavior [ RunTime:0.198214s ]
INFO: [ view_parse ] --END-- [ RunTime:0.201070s ]
INFO: [ view_filter ] --START--
INFO: Run Behavior\WriteHtmlCacheBehavior [ RunTime:0.015490s ]
INFO: [ view_filter ] --END-- [ RunTime:0.017030s ]
INFO: [ app_end ] --START--
INFO: Run Behavior\ShowPageTraceBehavior [ RunTime:0.019693s ]
INFO: [ app_end ] --END-- [ RunTime:0.022871s ]

[ 2017-06-13T15:34:38+08:00 ] ::1 /axd-tp/Home/Index/news
INFO: [ app_init ] --START--
INFO: Run Behavior\BuildLiteBehavior [ RunTime:0.000493s ]
INFO: [ app_init ] --END-- [ RunTime:0.004087s ]
INFO: [ app_begin ] --START--
INFO: Run Behavior\ReadHtmlCacheBehavior [ RunTime:0.002507s ]
INFO: [ app_begin ] --END-- [ RunTime:0.005217s ]
SQL: SHOW COLUMNS FROM `axdrice_article` [ RunTime:0.0079s ]
SQL: SELECT COUNT(*) AS tp_count FROM `axdrice_article` WHERE ( articleType=1 ) LIMIT 1   [ RunTime:0.0011s ]
SQL: SELECT * FROM `axdrice_article` WHERE ( articleType=1 ) ORDER BY ord DESC,addDate DESC,articleId DESC LIMIT 0,5   [ RunTime:0.0013s ]
INFO: [ view_parse ] --START--
INFO: [ template_filter ] --START--
INFO: Run Behavior\ContentReplaceBehavior [ RunTime:0.002631s ]
INFO: [ template_filter ] --END-- [ RunTime:0.004931s ]
NOTIC: [8] Undefined variable: site E:\xampp\htdocs\axd-tp\App\Runtime\Cache\Home\93ea0b833cbf5676d08ab43c6351656b.php 第 6 行.
NOTIC: [8] Undefined variable: site E:\xampp\htdocs\axd-tp\App\Runtime\Cache\Home\93ea0b833cbf5676d08ab43c6351656b.php 第 9 行.
NOTIC: [8] Undefined variable: site E:\xampp\htdocs\axd-tp\App\Runtime\Cache\Home\93ea0b833cbf5676d08ab43c6351656b.php 第 10 行.
NOTIC: [8] Undefined variable: site E:\xampp\htdocs\axd-tp\App\Runtime\Cache\Home\93ea0b833cbf5676d08ab43c6351656b.php 第 73 行.
NOTIC: [8] Undefined variable: site E:\xampp\htdocs\axd-tp\App\Runtime\Cache\Home\93ea0b833cbf5676d08ab43c6351656b.php 第 74 行.
NOTIC: [8] Undefined variable: site E:\xampp\htdocs\axd-tp\App\Runtime\Cache\Home\93ea0b833cbf5676d08ab43c6351656b.php 第 75 行.
INFO: Run Behavior\ParseTemplateBehavior [ RunTime:0.219713s ]
INFO: [ view_parse ] --END-- [ RunTime:0.221791s ]
INFO: [ view_filter ] --START--
INFO: Run Behavior\WriteHtmlCacheBehavior [ RunTime:0.001759s ]
INFO: [ view_filter ] --END-- [ RunTime:0.003461s ]
INFO: [ app_end ] --START--
INFO: Run Behavior\ShowPageTraceBehavior [ RunTime:0.001521s ]
INFO: [ app_end ] --END-- [ RunTime:0.003031s ]

[ 2017-06-13T15:34:39+08:00 ] ::1 /axd-tp/Home/Index/ico.ico
INFO: [ app_init ] --START--
INFO: Run Behavior\BuildLiteBehavior [ RunTime:0.000534s ]
INFO: [ app_init ] --END-- [ RunTime:0.003887s ]

