[ 2017-10-19T10:47:44+08:00 ] ::1 /axd-tp/
INFO: [ app_init ] --START--
INFO: Run Behavior\BuildLiteBehavior [ RunTime:0.000000s ]
INFO: [ app_init ] --END-- [ RunTime:0.036002s ]
INFO: [ app_begin ] --START--
INFO: Run Behavior\ReadHtmlCacheBehavior [ RunTime:0.003000s ]
INFO: [ app_begin ] --END-- [ RunTime:0.003000s ]
ERR: SQLSTATE[HY000] [1045] Access denied for user 'root'@'localhost' (using password: NO)

[ 2017-10-19T10:48:33+08:00 ] ::1 /axd-tp/
INFO: [ app_init ] --START--
INFO: Run Behavior\BuildLiteBehavior [ RunTime:0.000000s ]
INFO: [ app_init ] --END-- [ RunTime:0.001000s ]
INFO: [ app_begin ] --START--
INFO: Run Behavior\ReadHtmlCacheBehavior [ RunTime:0.001001s ]
INFO: [ app_begin ] --END-- [ RunTime:0.001001s ]
SQL: SHOW COLUMNS FROM `axdrice_slide` [ RunTime:0.0040s ]
SQL: SELECT `slideImg`,`slideLink` FROM `axdrice_slide` ORDER BY ord DESC,slideId DESC  [ RunTime:0.0010s ]
SQL: SHOW COLUMNS FROM `axdrice_article` [ RunTime:0.0030s ]
SQL: SELECT `articleImg`,`articleContent` FROM `axdrice_article` WHERE ( articletype=0 ) LIMIT 1   [ RunTime:0.0010s ]
SQL: SELECT `articleId`,`articleTitle`,`addDate` FROM `axdrice_article` WHERE ( articletype=1 AND indexShow=1 ) ORDER BY ord DESC,articleId DESC LIMIT 0,10   [ RunTime:0.0000s ]
INFO: [ view_parse ] --START--
INFO: [ template_filter ] --START--
INFO: Run Behavior\ContentReplaceBehavior [ RunTime:0.000000s ]
INFO: [ template_filter ] --END-- [ RunTime:0.000000s ]
NOTIC: [8] Undefined variable: site E:\xampp\htdocs\axd-tp\App\Runtime\Cache\Home\00e52909bed743ea261af4b6823297ff.php 第 6 行.
NOTIC: [8] Undefined variable: site E:\xampp\htdocs\axd-tp\App\Runtime\Cache\Home\00e52909bed743ea261af4b6823297ff.php 第 9 行.
NOTIC: [8] Undefined variable: site E:\xampp\htdocs\axd-tp\App\Runtime\Cache\Home\00e52909bed743ea261af4b6823297ff.php 第 10 行.
NOTIC: [8] Undefined variable: site E:\xampp\htdocs\axd-tp\App\Runtime\Cache\Home\00e52909bed743ea261af4b6823297ff.php 第 127 行.
NOTIC: [8] Undefined variable: site E:\xampp\htdocs\axd-tp\App\Runtime\Cache\Home\00e52909bed743ea261af4b6823297ff.php 第 128 行.
NOTIC: [8] Undefined variable: site E:\xampp\htdocs\axd-tp\App\Runtime\Cache\Home\00e52909bed743ea261af4b6823297ff.php 第 129 行.
INFO: Run Behavior\ParseTemplateBehavior [ RunTime:0.088005s ]
INFO: [ view_parse ] --END-- [ RunTime:0.088005s ]
INFO: [ view_filter ] --START--
INFO: Run Behavior\WriteHtmlCacheBehavior [ RunTime:0.013000s ]
INFO: [ view_filter ] --END-- [ RunTime:0.013000s ]
INFO: [ app_end ] --START--
INFO: Run Behavior\ShowPageTraceBehavior [ RunTime:0.001000s ]
INFO: [ app_end ] --END-- [ RunTime:0.001000s ]

