[ 2019-01-26T10:17:57+08:00 ] ::1 /
INFO: [ app_init ] --START--
INFO: Run Behavior\BuildLiteBehavior [ RunTime:0.000000s ]
INFO: [ app_init ] --END-- [ RunTime:0.001000s ]
INFO: [ app_begin ] --START--
INFO: Run Behavior\ReadHtmlCacheBehavior [ RunTime:0.001000s ]
INFO: [ app_begin ] --END-- [ RunTime:0.001000s ]
SQL: SHOW COLUMNS FROM `axdrice_slide` [ RunTime:0.1110s ]
SQL: SELECT `slideImg`,`slideLink` FROM `axdrice_slide` ORDER BY ord DESC,slideId DESC  [ RunTime:0.0010s ]
SQL: SHOW COLUMNS FROM `axdrice_article` [ RunTime:0.0200s ]
SQL: SELECT `articleImg`,`articleContent` FROM `axdrice_article` WHERE ( articletype=0 ) LIMIT 1   [ RunTime:0.0190s ]
SQL: SELECT `articleId`,`articleTitle`,`addDate` FROM `axdrice_article` WHERE ( articletype=1 AND indexShow=1 ) ORDER BY ord DESC,articleId DESC LIMIT 0,10   [ RunTime:0.0000s ]
INFO: [ view_parse ] --START--
INFO: [ template_filter ] --START--
INFO: Run Behavior\ContentReplaceBehavior [ RunTime:0.001001s ]
INFO: [ template_filter ] --END-- [ RunTime:0.001001s ]
NOTIC: [8] Undefined variable: site E:\xampp\htdocs\axd-tp\App\Runtime\Cache\Home\00e52909bed743ea261af4b6823297ff.php 第 6 行.
NOTIC: [8] Undefined variable: site E:\xampp\htdocs\axd-tp\App\Runtime\Cache\Home\00e52909bed743ea261af4b6823297ff.php 第 9 行.
NOTIC: [8] Undefined variable: site E:\xampp\htdocs\axd-tp\App\Runtime\Cache\Home\00e52909bed743ea261af4b6823297ff.php 第 10 行.
NOTIC: [8] Undefined variable: site E:\xampp\htdocs\axd-tp\App\Runtime\Cache\Home\00e52909bed743ea261af4b6823297ff.php 第 127 行.
NOTIC: [8] Undefined variable: site E:\xampp\htdocs\axd-tp\App\Runtime\Cache\Home\00e52909bed743ea261af4b6823297ff.php 第 128 行.
NOTIC: [8] Undefined variable: site E:\xampp\htdocs\axd-tp\App\Runtime\Cache\Home\00e52909bed743ea261af4b6823297ff.php 第 129 行.
INFO: Run Behavior\ParseTemplateBehavior [ RunTime:0.065004s ]
INFO: [ view_parse ] --END-- [ RunTime:0.065004s ]
INFO: [ view_filter ] --START--
INFO: Run Behavior\WriteHtmlCacheBehavior [ RunTime:0.002000s ]
INFO: [ view_filter ] --END-- [ RunTime:0.002000s ]
INFO: [ app_end ] --START--
INFO: Run Behavior\ShowPageTraceBehavior [ RunTime:0.001000s ]
INFO: [ app_end ] --END-- [ RunTime:0.001000s ]

[ 2019-01-26T10:18:11+08:00 ] ::1 /Home/Index/rice
INFO: [ app_init ] --START--
INFO: Run Behavior\BuildLiteBehavior [ RunTime:0.000000s ]
INFO: [ app_init ] --END-- [ RunTime:0.001000s ]
INFO: [ app_begin ] --START--
INFO: Run Behavior\ReadHtmlCacheBehavior [ RunTime:0.001000s ]
INFO: [ app_begin ] --END-- [ RunTime:0.001000s ]
SQL: SHOW COLUMNS FROM `axdrice_article` [ RunTime:0.0040s ]
SQL: SHOW COLUMNS FROM `axdrice_product` [ RunTime:0.0670s ]
SQL: SELECT `articleContent` FROM `axdrice_article` WHERE ( articleId=2 ) LIMIT 1   [ RunTime:0.0000s ]
SQL: SELECT * FROM `axdrice_product` WHERE ( aid=2 ) ORDER BY ord DESC,productId DESC  [ RunTime:0.0010s ]
SQL: SELECT `articleContent` FROM `axdrice_article` WHERE ( articleId=13 ) LIMIT 1   [ RunTime:0.0010s ]
INFO: [ view_parse ] --START--
INFO: [ template_filter ] --START--
INFO: Run Behavior\ContentReplaceBehavior [ RunTime:0.000000s ]
INFO: [ template_filter ] --END-- [ RunTime:0.000000s ]
NOTIC: [8] Undefined variable: site E:\xampp\htdocs\axd-tp\App\Runtime\Cache\Home\9dd5f84e26e2e0bb6bbae31e04cf74dc.php 第 6 行.
NOTIC: [8] Undefined variable: site E:\xampp\htdocs\axd-tp\App\Runtime\Cache\Home\9dd5f84e26e2e0bb6bbae31e04cf74dc.php 第 9 行.
NOTIC: [8] Undefined variable: site E:\xampp\htdocs\axd-tp\App\Runtime\Cache\Home\9dd5f84e26e2e0bb6bbae31e04cf74dc.php 第 10 行.
NOTIC: [8] Trying to get property of non-object E:\xampp\htdocs\axd-tp\App\Runtime\Cache\Home\9dd5f84e26e2e0bb6bbae31e04cf74dc.php 第 81 行.
NOTIC: [8] Trying to get property of non-object E:\xampp\htdocs\axd-tp\App\Runtime\Cache\Home\9dd5f84e26e2e0bb6bbae31e04cf74dc.php 第 81 行.
NOTIC: [8] Undefined variable: site E:\xampp\htdocs\axd-tp\App\Runtime\Cache\Home\9dd5f84e26e2e0bb6bbae31e04cf74dc.php 第 112 行.
NOTIC: [8] Undefined variable: site E:\xampp\htdocs\axd-tp\App\Runtime\Cache\Home\9dd5f84e26e2e0bb6bbae31e04cf74dc.php 第 113 行.
NOTIC: [8] Undefined variable: site E:\xampp\htdocs\axd-tp\App\Runtime\Cache\Home\9dd5f84e26e2e0bb6bbae31e04cf74dc.php 第 114 行.
INFO: Run Behavior\ParseTemplateBehavior [ RunTime:0.024001s ]
INFO: [ view_parse ] --END-- [ RunTime:0.025001s ]
INFO: [ view_filter ] --START--
INFO: Run Behavior\WriteHtmlCacheBehavior [ RunTime:0.001001s ]
INFO: [ view_filter ] --END-- [ RunTime:0.001001s ]
INFO: [ app_end ] --START--
INFO: Run Behavior\ShowPageTraceBehavior [ RunTime:0.001000s ]
INFO: [ app_end ] --END-- [ RunTime:0.001000s ]

[ 2019-01-26T10:18:11+08:00 ] ::1 /Home/Index/static/index/images/tedian_01.jpg
INFO: [ app_init ] --START--
INFO: Run Behavior\BuildLiteBehavior [ RunTime:0.000000s ]
INFO: [ app_init ] --END-- [ RunTime:0.001000s ]

[ 2019-01-26T10:18:11+08:00 ] ::1 /Home/Index/static/index/images/pr-tedian.png
INFO: [ app_init ] --START--
INFO: Run Behavior\BuildLiteBehavior [ RunTime:0.000000s ]
INFO: [ app_init ] --END-- [ RunTime:0.001000s ]

[ 2019-01-26T10:18:11+08:00 ] ::1 /Home/Index/static/index/images/tedian_02.jpg
INFO: [ app_init ] --START--
INFO: Run Behavior\BuildLiteBehavior [ RunTime:0.000000s ]
INFO: [ app_init ] --END-- [ RunTime:0.001001s ]

[ 2019-01-26T10:18:11+08:00 ] ::1 /Home/Index/static/index/images/tedian_03.jpg
INFO: [ app_init ] --START--
INFO: Run Behavior\BuildLiteBehavior [ RunTime:0.000000s ]
INFO: [ app_init ] --END-- [ RunTime:0.001001s ]

[ 2019-01-26T10:18:11+08:00 ] ::1 /Home/Index/static/index/images/tedian_04.jpg
INFO: [ app_init ] --START--
INFO: Run Behavior\BuildLiteBehavior [ RunTime:0.000000s ]
INFO: [ app_init ] --END-- [ RunTime:0.001000s ]

[ 2019-01-26T10:18:11+08:00 ] ::1 /Home/Index/static/index/images/teshi_01.jpg
INFO: [ app_init ] --START--
INFO: Run Behavior\BuildLiteBehavior [ RunTime:0.000000s ]
INFO: [ app_init ] --END-- [ RunTime:0.001000s ]

[ 2019-01-26T10:18:11+08:00 ] ::1 /Home/Index/static/index/images/pr-teshi.png
INFO: [ app_init ] --START--
INFO: Run Behavior\BuildLiteBehavior [ RunTime:0.000000s ]
INFO: [ app_init ] --END-- [ RunTime:0.001000s ]

[ 2019-01-26T10:18:11+08:00 ] ::1 /Home/Index/Public/index/images/pr-box01bg4.jpg
INFO: [ app_init ] --START--
INFO: Run Behavior\BuildLiteBehavior [ RunTime:0.000000s ]
INFO: [ app_init ] --END-- [ RunTime:0.001001s ]

[ 2019-01-26T10:18:12+08:00 ] ::1 /Home/Index/ico.ico
INFO: [ app_init ] --START--
INFO: Run Behavior\BuildLiteBehavior [ RunTime:0.000000s ]
INFO: [ app_init ] --END-- [ RunTime:0.001000s ]

[ 2019-01-26T10:18:52+08:00 ] ::1 /Home/Index/rice
INFO: [ app_init ] --START--
INFO: Run Behavior\BuildLiteBehavior [ RunTime:0.000000s ]
INFO: [ app_init ] --END-- [ RunTime:0.000000s ]
INFO: [ app_begin ] --START--
INFO: Run Behavior\ReadHtmlCacheBehavior [ RunTime:0.001000s ]
INFO: [ app_begin ] --END-- [ RunTime:0.001000s ]
SQL: SHOW COLUMNS FROM `axdrice_article` [ RunTime:0.0040s ]
SQL: SHOW COLUMNS FROM `axdrice_product` [ RunTime:0.0070s ]
SQL: SELECT `articleContent` FROM `axdrice_article` WHERE ( articleId=2 ) LIMIT 1   [ RunTime:0.0000s ]
SQL: SELECT * FROM `axdrice_product` WHERE ( aid=2 ) ORDER BY ord DESC,productId DESC  [ RunTime:0.0000s ]
SQL: SELECT `articleContent` FROM `axdrice_article` WHERE ( articleId=13 ) LIMIT 1   [ RunTime:0.0010s ]
INFO: [ view_parse ] --START--
INFO: [ template_filter ] --START--
INFO: Run Behavior\ContentReplaceBehavior [ RunTime:0.000000s ]
INFO: [ template_filter ] --END-- [ RunTime:0.000000s ]
NOTIC: [8] Undefined variable: site E:\xampp\htdocs\axd-tp\App\Runtime\Cache\Home\9dd5f84e26e2e0bb6bbae31e04cf74dc.php 第 6 行.
NOTIC: [8] Undefined variable: site E:\xampp\htdocs\axd-tp\App\Runtime\Cache\Home\9dd5f84e26e2e0bb6bbae31e04cf74dc.php 第 9 行.
NOTIC: [8] Undefined variable: site E:\xampp\htdocs\axd-tp\App\Runtime\Cache\Home\9dd5f84e26e2e0bb6bbae31e04cf74dc.php 第 10 行.
NOTIC: [8] Trying to get property of non-object E:\xampp\htdocs\axd-tp\App\Runtime\Cache\Home\9dd5f84e26e2e0bb6bbae31e04cf74dc.php 第 81 行.
NOTIC: [8] Trying to get property of non-object E:\xampp\htdocs\axd-tp\App\Runtime\Cache\Home\9dd5f84e26e2e0bb6bbae31e04cf74dc.php 第 81 行.
NOTIC: [8] Undefined variable: site E:\xampp\htdocs\axd-tp\App\Runtime\Cache\Home\9dd5f84e26e2e0bb6bbae31e04cf74dc.php 第 112 行.
NOTIC: [8] Undefined variable: site E:\xampp\htdocs\axd-tp\App\Runtime\Cache\Home\9dd5f84e26e2e0bb6bbae31e04cf74dc.php 第 113 行.
NOTIC: [8] Undefined variable: site E:\xampp\htdocs\axd-tp\App\Runtime\Cache\Home\9dd5f84e26e2e0bb6bbae31e04cf74dc.php 第 114 行.
INFO: Run Behavior\ParseTemplateBehavior [ RunTime:0.012001s ]
INFO: [ view_parse ] --END-- [ RunTime:0.012001s ]
INFO: [ view_filter ] --START--
INFO: Run Behavior\WriteHtmlCacheBehavior [ RunTime:0.000000s ]
INFO: [ view_filter ] --END-- [ RunTime:0.000000s ]
INFO: [ app_end ] --START--
INFO: Run Behavior\ShowPageTraceBehavior [ RunTime:0.001000s ]
INFO: [ app_end ] --END-- [ RunTime:0.001000s ]

[ 2019-01-26T10:18:52+08:00 ] ::1 /Home/Index/static/index/images/tedian_01.jpg
INFO: [ app_init ] --START--
INFO: Run Behavior\BuildLiteBehavior [ RunTime:0.000000s ]
INFO: [ app_init ] --END-- [ RunTime:0.001000s ]

[ 2019-01-26T10:18:52+08:00 ] ::1 /Home/Index/static/index/images/pr-tedian.png
INFO: [ app_init ] --START--
INFO: Run Behavior\BuildLiteBehavior [ RunTime:0.000000s ]
INFO: [ app_init ] --END-- [ RunTime:0.001000s ]

[ 2019-01-26T10:18:52+08:00 ] ::1 /Home/Index/static/index/images/teshi_01.jpg
INFO: [ app_init ] --START--
INFO: Run Behavior\BuildLiteBehavior [ RunTime:0.000000s ]
INFO: [ app_init ] --END-- [ RunTime:0.000000s ]

[ 2019-01-26T10:18:52+08:00 ] ::1 /Home/Index/static/index/images/tedian_02.jpg
INFO: [ app_init ] --START--
INFO: Run Behavior\BuildLiteBehavior [ RunTime:0.000000s ]
INFO: [ app_init ] --END-- [ RunTime:0.001000s ]

[ 2019-01-26T10:18:52+08:00 ] ::1 /Home/Index/Public/index/images/pr-box01bg4.jpg
INFO: [ app_init ] --START--
INFO: Run Behavior\BuildLiteBehavior [ RunTime:0.001000s ]
INFO: [ app_init ] --END-- [ RunTime:0.019001s ]

[ 2019-01-26T10:18:52+08:00 ] ::1 /Home/Index/static/index/images/tedian_04.jpg
INFO: [ app_init ] --START--
INFO: Run Behavior\BuildLiteBehavior [ RunTime:0.000000s ]
INFO: [ app_init ] --END-- [ RunTime:0.001000s ]

[ 2019-01-26T10:18:52+08:00 ] ::1 /Home/Index/static/index/images/tedian_03.jpg
INFO: [ app_init ] --START--
INFO: Run Behavior\BuildLiteBehavior [ RunTime:0.000000s ]
INFO: [ app_init ] --END-- [ RunTime:0.001000s ]

[ 2019-01-26T10:18:52+08:00 ] ::1 /Home/Index/static/index/images/pr-teshi.png
INFO: [ app_init ] --START--
INFO: Run Behavior\BuildLiteBehavior [ RunTime:0.000000s ]
INFO: [ app_init ] --END-- [ RunTime:0.001000s ]

[ 2019-01-26T10:18:53+08:00 ] ::1 /Home/Index/rice
INFO: [ app_init ] --START--
INFO: Run Behavior\BuildLiteBehavior [ RunTime:0.000000s ]
INFO: [ app_init ] --END-- [ RunTime:0.001000s ]
INFO: [ app_begin ] --START--
INFO: Run Behavior\ReadHtmlCacheBehavior [ RunTime:0.001000s ]
INFO: [ app_begin ] --END-- [ RunTime:0.001000s ]
SQL: SHOW COLUMNS FROM `axdrice_article` [ RunTime:0.0050s ]
SQL: SHOW COLUMNS FROM `axdrice_product` [ RunTime:0.0040s ]
SQL: SELECT `articleContent` FROM `axdrice_article` WHERE ( articleId=2 ) LIMIT 1   [ RunTime:0.0010s ]
SQL: SELECT * FROM `axdrice_product` WHERE ( aid=2 ) ORDER BY ord DESC,productId DESC  [ RunTime:0.0000s ]
SQL: SELECT `articleContent` FROM `axdrice_article` WHERE ( articleId=13 ) LIMIT 1   [ RunTime:0.0010s ]
INFO: [ view_parse ] --START--
INFO: [ template_filter ] --START--
INFO: Run Behavior\ContentReplaceBehavior [ RunTime:0.000000s ]
INFO: [ template_filter ] --END-- [ RunTime:0.000000s ]
NOTIC: [8] Undefined variable: site E:\xampp\htdocs\axd-tp\App\Runtime\Cache\Home\9dd5f84e26e2e0bb6bbae31e04cf74dc.php 第 6 行.
NOTIC: [8] Undefined variable: site E:\xampp\htdocs\axd-tp\App\Runtime\Cache\Home\9dd5f84e26e2e0bb6bbae31e04cf74dc.php 第 9 行.
NOTIC: [8] Undefined variable: site E:\xampp\htdocs\axd-tp\App\Runtime\Cache\Home\9dd5f84e26e2e0bb6bbae31e04cf74dc.php 第 10 行.
NOTIC: [8] Trying to get property of non-object E:\xampp\htdocs\axd-tp\App\Runtime\Cache\Home\9dd5f84e26e2e0bb6bbae31e04cf74dc.php 第 81 行.
NOTIC: [8] Trying to get property of non-object E:\xampp\htdocs\axd-tp\App\Runtime\Cache\Home\9dd5f84e26e2e0bb6bbae31e04cf74dc.php 第 81 行.
NOTIC: [8] Undefined variable: site E:\xampp\htdocs\axd-tp\App\Runtime\Cache\Home\9dd5f84e26e2e0bb6bbae31e04cf74dc.php 第 112 行.
NOTIC: [8] Undefined variable: site E:\xampp\htdocs\axd-tp\App\Runtime\Cache\Home\9dd5f84e26e2e0bb6bbae31e04cf74dc.php 第 113 行.
NOTIC: [8] Undefined variable: site E:\xampp\htdocs\axd-tp\App\Runtime\Cache\Home\9dd5f84e26e2e0bb6bbae31e04cf74dc.php 第 114 行.
INFO: Run Behavior\ParseTemplateBehavior [ RunTime:0.015001s ]
INFO: [ view_parse ] --END-- [ RunTime:0.015001s ]
INFO: [ view_filter ] --START--
INFO: Run Behavior\WriteHtmlCacheBehavior [ RunTime:0.002000s ]
INFO: [ view_filter ] --END-- [ RunTime:0.002000s ]
INFO: [ app_end ] --START--
INFO: Run Behavior\ShowPageTraceBehavior [ RunTime:0.001000s ]
INFO: [ app_end ] --END-- [ RunTime:0.001000s ]

[ 2019-01-26T10:18:53+08:00 ] ::1 /Home/Index/static/index/images/tedian_04.jpg
INFO: [ app_init ] --START--
INFO: Run Behavior\BuildLiteBehavior [ RunTime:0.000000s ]
INFO: [ app_init ] --END-- [ RunTime:0.000000s ]

[ 2019-01-26T10:18:53+08:00 ] ::1 /Home/Index/static/index/images/tedian_01.jpg
INFO: [ app_init ] --START--
INFO: Run Behavior\BuildLiteBehavior [ RunTime:0.000000s ]
INFO: [ app_init ] --END-- [ RunTime:0.001000s ]

[ 2019-01-26T10:18:53+08:00 ] ::1 /Home/Index/static/index/images/tedian_03.jpg
INFO: [ app_init ] --START--
INFO: Run Behavior\BuildLiteBehavior [ RunTime:0.000000s ]
INFO: [ app_init ] --END-- [ RunTime:0.001000s ]

[ 2019-01-26T10:18:53+08:00 ] ::1 /Home/Index/static/index/images/pr-teshi.png
INFO: [ app_init ] --START--
INFO: Run Behavior\BuildLiteBehavior [ RunTime:0.000000s ]
INFO: [ app_init ] --END-- [ RunTime:0.001000s ]

[ 2019-01-26T10:18:53+08:00 ] ::1 /Home/Index/static/index/images/pr-tedian.png
INFO: [ app_init ] --START--
INFO: Run Behavior\BuildLiteBehavior [ RunTime:0.000000s ]
INFO: [ app_init ] --END-- [ RunTime:0.000000s ]

[ 2019-01-26T10:18:53+08:00 ] ::1 /Home/Index/Public/index/images/pr-box01bg4.jpg
INFO: [ app_init ] --START--
INFO: Run Behavior\BuildLiteBehavior [ RunTime:0.000000s ]
INFO: [ app_init ] --END-- [ RunTime:0.000000s ]

[ 2019-01-26T10:18:53+08:00 ] ::1 /Home/Index/static/index/images/teshi_01.jpg
INFO: [ app_init ] --START--
INFO: Run Behavior\BuildLiteBehavior [ RunTime:0.000000s ]
INFO: [ app_init ] --END-- [ RunTime:0.001000s ]

[ 2019-01-26T10:18:53+08:00 ] ::1 /Home/Index/static/index/images/tedian_02.jpg
INFO: [ app_init ] --START--
INFO: Run Behavior\BuildLiteBehavior [ RunTime:0.000000s ]
INFO: [ app_init ] --END-- [ RunTime:0.001000s ]

[ 2019-01-26T10:18:54+08:00 ] ::1 /Home/Index/fertilizer
INFO: [ app_init ] --START--
INFO: Run Behavior\BuildLiteBehavior [ RunTime:0.000000s ]
INFO: [ app_init ] --END-- [ RunTime:0.001000s ]
INFO: [ app_begin ] --START--
INFO: Run Behavior\ReadHtmlCacheBehavior [ RunTime:0.001000s ]
INFO: [ app_begin ] --END-- [ RunTime:0.001000s ]
SQL: SHOW COLUMNS FROM `axdrice_article` [ RunTime:0.0050s ]
SQL: SELECT * FROM `axdrice_article` WHERE `articleId` = 6 LIMIT 1   [ RunTime:0.0010s ]
INFO: [ view_parse ] --START--
INFO: [ template_filter ] --START--
INFO: Run Behavior\ContentReplaceBehavior [ RunTime:0.000000s ]
INFO: [ template_filter ] --END-- [ RunTime:0.000000s ]
NOTIC: [8] Undefined variable: site E:\xampp\htdocs\axd-tp\App\Runtime\Cache\Home\c2e4afe0efd0d12c10719ac920038ac6.php 第 6 行.
NOTIC: [8] Undefined variable: site E:\xampp\htdocs\axd-tp\App\Runtime\Cache\Home\c2e4afe0efd0d12c10719ac920038ac6.php 第 9 行.
NOTIC: [8] Undefined variable: site E:\xampp\htdocs\axd-tp\App\Runtime\Cache\Home\c2e4afe0efd0d12c10719ac920038ac6.php 第 10 行.
NOTIC: [8] Undefined variable: site E:\xampp\htdocs\axd-tp\App\Runtime\Cache\Home\c2e4afe0efd0d12c10719ac920038ac6.php 第 75 行.
NOTIC: [8] Undefined variable: site E:\xampp\htdocs\axd-tp\App\Runtime\Cache\Home\c2e4afe0efd0d12c10719ac920038ac6.php 第 76 行.
NOTIC: [8] Undefined variable: site E:\xampp\htdocs\axd-tp\App\Runtime\Cache\Home\c2e4afe0efd0d12c10719ac920038ac6.php 第 77 行.
INFO: Run Behavior\ParseTemplateBehavior [ RunTime:0.010001s ]
INFO: [ view_parse ] --END-- [ RunTime:0.010001s ]
INFO: [ view_filter ] --START--
INFO: Run Behavior\WriteHtmlCacheBehavior [ RunTime:0.001000s ]
INFO: [ view_filter ] --END-- [ RunTime:0.001000s ]
INFO: [ app_end ] --START--
INFO: Run Behavior\ShowPageTraceBehavior [ RunTime:0.001000s ]
INFO: [ app_end ] --END-- [ RunTime:0.001000s ]

[ 2019-01-26T10:18:55+08:00 ] ::1 /Home/Index/static/index/images/en_tu02.jpg
INFO: [ app_init ] --START--
INFO: Run Behavior\BuildLiteBehavior [ RunTime:0.000000s ]
INFO: [ app_init ] --END-- [ RunTime:0.000000s ]

[ 2019-01-26T10:18:55+08:00 ] ::1 /Home/Index/static/index/images/en_tu03.jpg
INFO: [ app_init ] --START--
INFO: Run Behavior\BuildLiteBehavior [ RunTime:0.000000s ]
INFO: [ app_init ] --END-- [ RunTime:0.001000s ]

[ 2019-01-26T10:18:55+08:00 ] ::1 /Home/Index/static/index/images/en-pr01.jpg
INFO: [ app_init ] --START--
INFO: Run Behavior\BuildLiteBehavior [ RunTime:0.000000s ]
INFO: [ app_init ] --END-- [ RunTime:0.000000s ]

[ 2019-01-26T10:18:55+08:00 ] ::1 /Home/Index/static/index/images/en_tu01.jpg
INFO: [ app_init ] --START--
INFO: Run Behavior\BuildLiteBehavior [ RunTime:0.000000s ]
INFO: [ app_init ] --END-- [ RunTime:0.000000s ]

[ 2019-01-26T10:18:56+08:00 ] ::1 /Home/Index/about
INFO: [ app_init ] --START--
INFO: Run Behavior\BuildLiteBehavior [ RunTime:0.000000s ]
INFO: [ app_init ] --END-- [ RunTime:0.001000s ]
INFO: [ app_begin ] --START--
INFO: Run Behavior\ReadHtmlCacheBehavior [ RunTime:0.001001s ]
INFO: [ app_begin ] --END-- [ RunTime:0.001001s ]
SQL: SHOW COLUMNS FROM `axdrice_article` [ RunTime:0.0030s ]
SQL: SELECT * FROM `axdrice_article` WHERE `articleId` = 10 LIMIT 1   [ RunTime:0.0000s ]
INFO: [ view_parse ] --START--
INFO: [ template_filter ] --START--
INFO: Run Behavior\ContentReplaceBehavior [ RunTime:0.000000s ]
INFO: [ template_filter ] --END-- [ RunTime:0.000000s ]
NOTIC: [8] Undefined variable: site E:\xampp\htdocs\axd-tp\App\Runtime\Cache\Home\b7343e520d08ba074e21ee2fa51bdedd.php 第 6 行.
NOTIC: [8] Undefined variable: site E:\xampp\htdocs\axd-tp\App\Runtime\Cache\Home\b7343e520d08ba074e21ee2fa51bdedd.php 第 9 行.
NOTIC: [8] Undefined variable: site E:\xampp\htdocs\axd-tp\App\Runtime\Cache\Home\b7343e520d08ba074e21ee2fa51bdedd.php 第 10 行.
NOTIC: [8] Undefined variable: site E:\xampp\htdocs\axd-tp\App\Runtime\Cache\Home\b7343e520d08ba074e21ee2fa51bdedd.php 第 66 行.
NOTIC: [8] Undefined variable: site E:\xampp\htdocs\axd-tp\App\Runtime\Cache\Home\b7343e520d08ba074e21ee2fa51bdedd.php 第 67 行.
NOTIC: [8] Undefined variable: site E:\xampp\htdocs\axd-tp\App\Runtime\Cache\Home\b7343e520d08ba074e21ee2fa51bdedd.php 第 68 行.
INFO: Run Behavior\ParseTemplateBehavior [ RunTime:0.008001s ]
INFO: [ view_parse ] --END-- [ RunTime:0.008001s ]
INFO: [ view_filter ] --START--
INFO: Run Behavior\WriteHtmlCacheBehavior [ RunTime:0.000000s ]
INFO: [ view_filter ] --END-- [ RunTime:0.000000s ]
INFO: [ app_end ] --START--
INFO: Run Behavior\ShowPageTraceBehavior [ RunTime:0.001000s ]
INFO: [ app_end ] --END-- [ RunTime:0.001000s ]

[ 2019-01-26T10:18:56+08:00 ] ::1 /Home/Index/static/index/images/abtu01.jpg
INFO: [ app_init ] --START--
INFO: Run Behavior\BuildLiteBehavior [ RunTime:0.000000s ]
INFO: [ app_init ] --END-- [ RunTime:0.001000s ]

[ 2019-01-26T10:18:59+08:00 ] ::1 /Home/Index/index
INFO: [ app_init ] --START--
INFO: Run Behavior\BuildLiteBehavior [ RunTime:0.000000s ]
INFO: [ app_init ] --END-- [ RunTime:0.000000s ]
INFO: [ app_begin ] --START--
INFO: Run Behavior\ReadHtmlCacheBehavior [ RunTime:0.001000s ]
INFO: [ app_begin ] --END-- [ RunTime:0.001000s ]
SQL: SHOW COLUMNS FROM `axdrice_slide` [ RunTime:0.0040s ]
SQL: SELECT `slideImg`,`slideLink` FROM `axdrice_slide` ORDER BY ord DESC,slideId DESC  [ RunTime:0.0000s ]
SQL: SHOW COLUMNS FROM `axdrice_article` [ RunTime:0.0050s ]
SQL: SELECT `articleImg`,`articleContent` FROM `axdrice_article` WHERE ( articletype=0 ) LIMIT 1   [ RunTime:0.0000s ]
SQL: SELECT `articleId`,`articleTitle`,`addDate` FROM `axdrice_article` WHERE ( articletype=1 AND indexShow=1 ) ORDER BY ord DESC,articleId DESC LIMIT 0,10   [ RunTime:0.0010s ]
INFO: [ view_parse ] --START--
INFO: [ template_filter ] --START--
INFO: Run Behavior\ContentReplaceBehavior [ RunTime:0.000000s ]
INFO: [ template_filter ] --END-- [ RunTime:0.000000s ]
NOTIC: [8] Undefined variable: site E:\xampp\htdocs\axd-tp\App\Runtime\Cache\Home\00e52909bed743ea261af4b6823297ff.php 第 6 行.
NOTIC: [8] Undefined variable: site E:\xampp\htdocs\axd-tp\App\Runtime\Cache\Home\00e52909bed743ea261af4b6823297ff.php 第 9 行.
NOTIC: [8] Undefined variable: site E:\xampp\htdocs\axd-tp\App\Runtime\Cache\Home\00e52909bed743ea261af4b6823297ff.php 第 10 行.
NOTIC: [8] Undefined variable: site E:\xampp\htdocs\axd-tp\App\Runtime\Cache\Home\00e52909bed743ea261af4b6823297ff.php 第 127 行.
NOTIC: [8] Undefined variable: site E:\xampp\htdocs\axd-tp\App\Runtime\Cache\Home\00e52909bed743ea261af4b6823297ff.php 第 128 行.
NOTIC: [8] Undefined variable: site E:\xampp\htdocs\axd-tp\App\Runtime\Cache\Home\00e52909bed743ea261af4b6823297ff.php 第 129 行.
INFO: Run Behavior\ParseTemplateBehavior [ RunTime:0.010001s ]
INFO: [ view_parse ] --END-- [ RunTime:0.010001s ]
INFO: [ view_filter ] --START--
INFO: Run Behavior\WriteHtmlCacheBehavior [ RunTime:0.000000s ]
INFO: [ view_filter ] --END-- [ RunTime:0.000000s ]
INFO: [ app_end ] --START--
INFO: Run Behavior\ShowPageTraceBehavior [ RunTime:0.000000s ]
INFO: [ app_end ] --END-- [ RunTime:0.001000s ]

