[ 2017-06-09T08:27:13+08:00 ] ::1 /axd-tp/admin.php
INFO: [ app_init ] --START--
INFO: Run Behavior\BuildLiteBehavior [ RunTime:0.000818s ]
INFO: [ app_init ] --END-- [ RunTime:0.019643s ]
INFO: [ app_begin ] --START--
INFO: Run Behavior\ReadHtmlCacheBehavior [ RunTime:0.002350s ]
INFO: [ app_begin ] --END-- [ RunTime:0.004204s ]
INFO: [ view_parse ] --START--
INFO: [ template_filter ] --START--
INFO: Run Behavior\ContentReplaceBehavior [ RunTime:0.000607s ]
INFO: [ template_filter ] --END-- [ RunTime:0.001977s ]
INFO: Run Behavior\ParseTemplateBehavior [ RunTime:0.056213s ]
INFO: [ view_parse ] --END-- [ RunTime:0.058138s ]
INFO: [ view_filter ] --START--
INFO: Run Behavior\WriteHtmlCacheBehavior [ RunTime:0.008915s ]
INFO: [ view_filter ] --END-- [ RunTime:0.010366s ]
INFO: [ app_end ] --START--
INFO: Run Behavior\ShowPageTraceBehavior [ RunTime:0.017077s ]
INFO: [ app_end ] --END-- [ RunTime:0.018484s ]

[ 2017-06-09T08:27:14+08:00 ] ::1 /axd-tp/index.php/Admin/Index/main
INFO: [ app_init ] --START--
INFO: Run Behavior\BuildLiteBehavior [ RunTime:0.000649s ]
INFO: [ app_init ] --END-- [ RunTime:0.007152s ]
INFO: [ app_begin ] --START--
INFO: Run Behavior\ReadHtmlCacheBehavior [ RunTime:0.002315s ]
INFO: [ app_begin ] --END-- [ RunTime:0.006296s ]
INFO: [ view_parse ] --START--
INFO: [ template_filter ] --START--
INFO: Run Behavior\ContentReplaceBehavior [ RunTime:0.000567s ]
INFO: [ template_filter ] --END-- [ RunTime:0.002019s ]
INFO: Run Behavior\ParseTemplateBehavior [ RunTime:0.083198s ]
INFO: [ view_parse ] --END-- [ RunTime:0.084843s ]
INFO: [ view_filter ] --START--
INFO: Run Behavior\WriteHtmlCacheBehavior [ RunTime:0.001359s ]
INFO: [ view_filter ] --END-- [ RunTime:0.002727s ]
INFO: [ app_end ] --START--
INFO: Run Behavior\ShowPageTraceBehavior [ RunTime:0.001342s ]
INFO: [ app_end ] --END-- [ RunTime:0.002637s ]

[ 2017-06-09T08:27:14+08:00 ] ::1 /axd-tp/index.php/Admin/Index/head
INFO: [ app_init ] --START--
INFO: Run Behavior\BuildLiteBehavior [ RunTime:0.000509s ]
INFO: [ app_init ] --END-- [ RunTime:0.004416s ]
INFO: [ app_begin ] --START--
INFO: Run Behavior\ReadHtmlCacheBehavior [ RunTime:0.002942s ]
INFO: [ app_begin ] --END-- [ RunTime:0.005579s ]
INFO: [ view_parse ] --START--
INFO: [ template_filter ] --START--
INFO: Run Behavior\ContentReplaceBehavior [ RunTime:0.000647s ]
INFO: [ template_filter ] --END-- [ RunTime:0.002143s ]
INFO: Run Behavior\ParseTemplateBehavior [ RunTime:0.066409s ]
INFO: [ view_parse ] --END-- [ RunTime:0.067973s ]
INFO: [ view_filter ] --START--
INFO: Run Behavior\WriteHtmlCacheBehavior [ RunTime:0.001842s ]
INFO: [ view_filter ] --END-- [ RunTime:0.003522s ]
INFO: [ app_end ] --START--
INFO: Run Behavior\ShowPageTraceBehavior [ RunTime:0.001771s ]
INFO: [ app_end ] --END-- [ RunTime:0.003718s ]

[ 2017-06-09T08:27:14+08:00 ] ::1 /axd-tp/index.php/Admin/Index/left
INFO: [ app_init ] --START--
INFO: Run Behavior\BuildLiteBehavior [ RunTime:0.000556s ]
INFO: [ app_init ] --END-- [ RunTime:0.003095s ]
INFO: [ app_begin ] --START--
INFO: Run Behavior\ReadHtmlCacheBehavior [ RunTime:0.001591s ]
INFO: [ app_begin ] --END-- [ RunTime:0.003444s ]
INFO: [ view_parse ] --START--
INFO: [ template_filter ] --START--
INFO: Run Behavior\ContentReplaceBehavior [ RunTime:0.000568s ]
INFO: [ template_filter ] --END-- [ RunTime:0.001982s ]
INFO: Run Behavior\ParseTemplateBehavior [ RunTime:0.080613s ]
INFO: [ view_parse ] --END-- [ RunTime:0.082453s ]
INFO: [ view_filter ] --START--
INFO: Run Behavior\WriteHtmlCacheBehavior [ RunTime:0.001460s ]
INFO: [ view_filter ] --END-- [ RunTime:0.002866s ]
INFO: [ app_end ] --START--
INFO: Run Behavior\ShowPageTraceBehavior [ RunTime:0.001329s ]
INFO: [ app_end ] --END-- [ RunTime:0.002808s ]

