[ 2017-04-19T08:41:20+08:00 ] ::1 /axd/ico.ico
INFO: [ app_init ] --START--
INFO: Run Behavior\BuildLiteBehavior [ RunTime:0.000332s ]
INFO: [ app_init ] --END-- [ RunTime:0.002727s ]
ERR: 无法加载模块:Ico

[ 2017-04-19T09:02:24+08:00 ] ::1 /axd/index
INFO: [ app_init ] --START--
INFO: Run Behavior\BuildLiteBehavior [ RunTime:0.000161s ]
INFO: [ app_init ] --END-- [ RunTime:0.001412s ]
ERR: 无法加载模块:Index

[ 2017-04-19T09:02:32+08:00 ] ::1 /ico.ico
INFO: [ app_init ] --START--
INFO: Run Behavior\BuildLiteBehavior [ RunTime:0.000241s ]
INFO: [ app_init ] --END-- [ RunTime:0.002202s ]
ERR: 无法加载模块:Ico

[ 2017-04-19T09:03:19+08:00 ] ::1 /index.html
INFO: [ app_init ] --START--
INFO: Run Behavior\BuildLiteBehavior [ RunTime:0.000158s ]
INFO: [ app_init ] --END-- [ RunTime:0.001549s ]
ERR: 无法加载模块:Index

[ 2017-04-19T09:03:19+08:00 ] ::1 /favicon.ico
INFO: [ app_init ] --START--
INFO: Run Behavior\BuildLiteBehavior [ RunTime:0.000272s ]
INFO: [ app_init ] --END-- [ RunTime:0.002164s ]
ERR: 无法加载模块:Favicon

[ 2017-04-19T09:03:27+08:00 ] ::1 /index
INFO: [ app_init ] --START--
INFO: Run Behavior\BuildLiteBehavior [ RunTime:0.000266s ]
INFO: [ app_init ] --END-- [ RunTime:0.002263s ]
ERR: 无法加载模块:Index

[ 2017-04-19T09:05:29+08:00 ] ::1 /index
INFO: [ app_init ] --START--
INFO: Run Behavior\BuildLiteBehavior [ RunTime:0.000157s ]
INFO: [ app_init ] --END-- [ RunTime:0.001488s ]
ERR: 无法加载模块:Index

[ 2017-04-19T09:10:08+08:00 ] ::1 /rice
INFO: [ app_init ] --START--
INFO: Run Behavior\BuildLiteBehavior [ RunTime:0.000178s ]
INFO: [ app_init ] --END-- [ RunTime:0.001640s ]
ERR: 无法加载模块:Rice

[ 2017-04-19T09:13:17+08:00 ] ::1 /rice
INFO: [ app_init ] --START--
INFO: Run Behavior\BuildLiteBehavior [ RunTime:0.000156s ]
INFO: [ app_init ] --END-- [ RunTime:0.001415s ]
ERR: 无法加载模块:Rice

[ 2017-04-19T09:21:02+08:00 ] ::1 /rice
INFO: [ app_init ] --START--
INFO: Run Behavior\BuildLiteBehavior [ RunTime:0.000493s ]
INFO: [ app_init ] --END-- [ RunTime:0.002744s ]
ERR: 无法加载模块:Rice

[ 2017-04-19T09:21:25+08:00 ] ::1 /rice
INFO: [ app_init ] --START--
INFO: Run Behavior\BuildLiteBehavior [ RunTime:0.000179s ]
INFO: [ app_init ] --END-- [ RunTime:0.001543s ]
ERR: 无法加载模块:Rice

[ 2017-04-19T09:21:26+08:00 ] ::1 /rice
INFO: [ app_init ] --START--
INFO: Run Behavior\BuildLiteBehavior [ RunTime:0.000158s ]
INFO: [ app_init ] --END-- [ RunTime:0.001441s ]
ERR: 无法加载模块:Rice

[ 2017-04-19T09:22:41+08:00 ] ::1 /rice
INFO: [ app_init ] --START--
INFO: Run Behavior\BuildLiteBehavior [ RunTime:0.000187s ]
INFO: [ app_init ] --END-- [ RunTime:0.001562s ]
ERR: 无法加载模块:Rice

[ 2017-04-19T09:22:42+08:00 ] ::1 /rice
INFO: [ app_init ] --START--
INFO: Run Behavior\BuildLiteBehavior [ RunTime:0.000253s ]
INFO: [ app_init ] --END-- [ RunTime:0.002651s ]
ERR: 无法加载模块:Rice

[ 2017-04-19T09:23:04+08:00 ] ::1 /rice
INFO: [ app_init ] --START--
INFO: Run Behavior\BuildLiteBehavior [ RunTime:0.000160s ]
INFO: [ app_init ] --END-- [ RunTime:0.001445s ]
ERR: 无法加载模块:Rice

[ 2017-04-19T09:23:05+08:00 ] ::1 /rice
INFO: [ app_init ] --START--
INFO: Run Behavior\BuildLiteBehavior [ RunTime:0.000157s ]
INFO: [ app_init ] --END-- [ RunTime:0.001433s ]
ERR: 无法加载模块:Rice

[ 2017-04-19T09:23:06+08:00 ] ::1 /rice
INFO: [ app_init ] --START--
INFO: Run Behavior\BuildLiteBehavior [ RunTime:0.000184s ]
INFO: [ app_init ] --END-- [ RunTime:0.001440s ]
ERR: 无法加载模块:Rice

[ 2017-04-19T09:23:07+08:00 ] ::1 /rice
INFO: [ app_init ] --START--
INFO: Run Behavior\BuildLiteBehavior [ RunTime:0.000257s ]
INFO: [ app_init ] --END-- [ RunTime:0.001555s ]
ERR: 无法加载模块:Rice

[ 2017-04-19T09:23:08+08:00 ] ::1 /rice
INFO: [ app_init ] --START--
INFO: Run Behavior\BuildLiteBehavior [ RunTime:0.000158s ]
INFO: [ app_init ] --END-- [ RunTime:0.001459s ]
ERR: 无法加载模块:Rice

[ 2017-04-19T09:26:23+08:00 ] ::1 /rice
INFO: [ app_init ] --START--
INFO: Run Behavior\BuildLiteBehavior [ RunTime:0.000234s ]
INFO: [ app_init ] --END-- [ RunTime:0.001443s ]
ERR: 无法加载模块:Rice

[ 2017-04-19T09:26:26+08:00 ] ::1 /rice
INFO: [ app_init ] --START--
INFO: Run Behavior\BuildLiteBehavior [ RunTime:0.000170s ]
INFO: [ app_init ] --END-- [ RunTime:0.001658s ]
ERR: 无法加载模块:Rice

[ 2017-04-19T09:26:35+08:00 ] ::1 /rice
INFO: [ app_init ] --START--
INFO: Run Behavior\BuildLiteBehavior [ RunTime:0.000189s ]
INFO: [ app_init ] --END-- [ RunTime:0.001664s ]
ERR: 无法加载模块:Rice

[ 2017-04-19T09:26:57+08:00 ] ::1 /rice
INFO: [ app_init ] --START--
INFO: Run Behavior\BuildLiteBehavior [ RunTime:0.000181s ]
INFO: [ app_init ] --END-- [ RunTime:0.001558s ]
ERR: 无法加载模块:Rice

[ 2017-04-19T09:26:58+08:00 ] ::1 /rice
INFO: [ app_init ] --START--
INFO: Run Behavior\BuildLiteBehavior [ RunTime:0.000157s ]
INFO: [ app_init ] --END-- [ RunTime:0.001468s ]
ERR: 无法加载模块:Rice

[ 2017-04-19T09:29:00+08:00 ] ::1 /rice
INFO: [ app_init ] --START--
INFO: Run Behavior\BuildLiteBehavior [ RunTime:0.000167s ]
INFO: [ app_init ] --END-- [ RunTime:0.001686s ]
ERR: 无法加载模块:Rice

[ 2017-04-19T09:29:01+08:00 ] ::1 /rice
INFO: [ app_init ] --START--
INFO: Run Behavior\BuildLiteBehavior [ RunTime:0.000159s ]
INFO: [ app_init ] --END-- [ RunTime:0.001402s ]
ERR: 无法加载模块:Rice

[ 2017-04-19T09:30:51+08:00 ] ::1 /rice
INFO: [ app_init ] --START--
INFO: Run Behavior\BuildLiteBehavior [ RunTime:0.000157s ]
INFO: [ app_init ] --END-- [ RunTime:0.001474s ]
ERR: 无法加载模块:Rice

[ 2017-04-19T09:30:59+08:00 ] ::1 /rice
INFO: [ app_init ] --START--
INFO: Run Behavior\BuildLiteBehavior [ RunTime:0.000318s ]
INFO: [ app_init ] --END-- [ RunTime:0.002644s ]
ERR: 无法加载模块:Rice

[ 2017-04-19T09:30:59+08:00 ] ::1 /rice
INFO: [ app_init ] --START--
INFO: Run Behavior\BuildLiteBehavior [ RunTime:0.000190s ]
INFO: [ app_init ] --END-- [ RunTime:0.001719s ]
ERR: 无法加载模块:Rice

[ 2017-04-19T09:31:13+08:00 ] ::1 /rice
INFO: [ app_init ] --START--
INFO: Run Behavior\BuildLiteBehavior [ RunTime:0.000317s ]
INFO: [ app_init ] --END-- [ RunTime:0.003071s ]
ERR: 无法加载模块:Rice

[ 2017-04-19T09:33:44+08:00 ] ::1 /rice
INFO: [ app_init ] --START--
INFO: Run Behavior\BuildLiteBehavior [ RunTime:0.000175s ]
INFO: [ app_init ] --END-- [ RunTime:0.001421s ]
ERR: 无法加载模块:Rice

[ 2017-04-19T09:33:55+08:00 ] ::1 /rice
INFO: [ app_init ] --START--
INFO: Run Behavior\BuildLiteBehavior [ RunTime:0.000178s ]
INFO: [ app_init ] --END-- [ RunTime:0.001625s ]
ERR: 无法加载模块:Rice

[ 2017-04-19T09:33:56+08:00 ] ::1 /rice
INFO: [ app_init ] --START--
INFO: Run Behavior\BuildLiteBehavior [ RunTime:0.000240s ]
INFO: [ app_init ] --END-- [ RunTime:0.001435s ]
ERR: 无法加载模块:Rice

[ 2017-04-19T09:34:06+08:00 ] ::1 /rice
INFO: [ app_init ] --START--
INFO: Run Behavior\BuildLiteBehavior [ RunTime:0.000274s ]
INFO: [ app_init ] --END-- [ RunTime:0.002367s ]
ERR: 无法加载模块:Rice

