[ 2017-04-13T09:36:41+08:00 ] ::1 /axd/upload/slide/58eed60ee02e6.jpg
INFO: [ app_init ] --START--
INFO: Run Behavior\BuildLiteBehavior [ RunTime:0.000181s ]
INFO: [ app_init ] --END-- [ RunTime:0.001529s ]
ERR: 无法加载模块:Upload

[ 2017-04-13T09:38:30+08:00 ] ::1 /axd/upload/slide/58eed60ee02e6.jpg
INFO: [ app_init ] --START--
INFO: Run Behavior\BuildLiteBehavior [ RunTime:0.001514s ]
INFO: [ app_init ] --END-- [ RunTime:0.005686s ]
ERR: 无法加载模块:Upload

[ 2017-04-13T09:41:09+08:00 ] ::1 /axd/upload/slide/58eed60ee02e6.jpg
INFO: [ app_init ] --START--
INFO: Run Behavior\BuildLiteBehavior [ RunTime:0.000173s ]
INFO: [ app_init ] --END-- [ RunTime:0.001779s ]
ERR: 无法加载模块:Upload

[ 2017-04-13T09:42:37+08:00 ] ::1 /axd/upload/slide/58eed60ee02e6.jpg
INFO: [ app_init ] --START--
INFO: Run Behavior\BuildLiteBehavior [ RunTime:0.000175s ]
INFO: [ app_init ] --END-- [ RunTime:0.001538s ]
ERR: 无法加载模块:Upload

[ 2017-04-13T09:45:20+08:00 ] ::1 /axd/upload/slide/58eed60ee02e6.jpg
INFO: [ app_init ] --START--
INFO: Run Behavior\BuildLiteBehavior [ RunTime:0.000287s ]
INFO: [ app_init ] --END-- [ RunTime:0.001629s ]
ERR: 无法加载模块:Upload

[ 2017-04-13T09:53:35+08:00 ] ::1 /axd/upload/slide/58eed848bf8bc.jpg
INFO: [ app_init ] --START--
INFO: Run Behavior\BuildLiteBehavior [ RunTime:0.000175s ]
INFO: [ app_init ] --END-- [ RunTime:0.001446s ]
ERR: 无法加载模块:Upload

[ 2017-04-13T09:53:38+08:00 ] ::1 /axd/upload/slide/58eed848bf8bc.jpg
INFO: [ app_init ] --START--
INFO: Run Behavior\BuildLiteBehavior [ RunTime:0.000177s ]
INFO: [ app_init ] --END-- [ RunTime:0.001537s ]
ERR: 无法加载模块:Upload

[ 2017-04-13T09:53:48+08:00 ] ::1 /axd/upload/slide/58eed848bf8bc.jpg
INFO: [ app_init ] --START--
INFO: Run Behavior\BuildLiteBehavior [ RunTime:0.000313s ]
INFO: [ app_init ] --END-- [ RunTime:0.003779s ]
ERR: 无法加载模块:Upload

[ 2017-04-13T09:54:46+08:00 ] ::1 /axd/upload/slide/58eed848bf8bc.jpg
INFO: [ app_init ] --START--
INFO: Run Behavior\BuildLiteBehavior [ RunTime:0.000173s ]
INFO: [ app_init ] --END-- [ RunTime:0.001502s ]
ERR: 无法加载模块:Upload

[ 2017-04-13T09:54:47+08:00 ] ::1 /axd/upload/slide/58eed848bf8bc.jpg
INFO: [ app_init ] --START--
INFO: Run Behavior\BuildLiteBehavior [ RunTime:0.000174s ]
INFO: [ app_init ] --END-- [ RunTime:0.001431s ]
ERR: 无法加载模块:Upload

[ 2017-04-13T09:56:18+08:00 ] ::1 /axd/upload/slide/58eed848bf8bc.jpg
INFO: [ app_init ] --START--
INFO: Run Behavior\BuildLiteBehavior [ RunTime:0.000189s ]
INFO: [ app_init ] --END-- [ RunTime:0.001617s ]
ERR: 无法加载模块:Upload

[ 2017-04-13T09:56:21+08:00 ] ::1 /axd/upload/slide/58eed848bf8bc.jpg
INFO: [ app_init ] --START--
INFO: Run Behavior\BuildLiteBehavior [ RunTime:0.000423s ]
INFO: [ app_init ] --END-- [ RunTime:0.002358s ]
ERR: 无法加载模块:Upload

[ 2017-04-13T09:57:34+08:00 ] ::1 /axd/upload/slide/58eed848bf8bc.jpg
INFO: [ app_init ] --START--
INFO: Run Behavior\BuildLiteBehavior [ RunTime:0.000198s ]
INFO: [ app_init ] --END-- [ RunTime:0.002517s ]
ERR: 无法加载模块:Upload

[ 2017-04-13T09:58:57+08:00 ] ::1 /axd/upload/slide/58eed848bf8bc.jpg
INFO: [ app_init ] --START--
INFO: Run Behavior\BuildLiteBehavior [ RunTime:0.000174s ]
INFO: [ app_init ] --END-- [ RunTime:0.001582s ]
ERR: 无法加载模块:Upload

[ 2017-04-13T09:58:59+08:00 ] ::1 /axd/upload/slide/58eed848bf8bc.jpg
INFO: [ app_init ] --START--
INFO: Run Behavior\BuildLiteBehavior [ RunTime:0.000176s ]
INFO: [ app_init ] --END-- [ RunTime:0.001555s ]
ERR: 无法加载模块:Upload

[ 2017-04-13T09:59:01+08:00 ] ::1 /axd/upload/slide/58eed848bf8bc.jpg
INFO: [ app_init ] --START--
INFO: Run Behavior\BuildLiteBehavior [ RunTime:0.000176s ]
INFO: [ app_init ] --END-- [ RunTime:0.001954s ]
ERR: 无法加载模块:Upload

[ 2017-04-13T10:01:20+08:00 ] ::1 /axd/upload/slide/58eed848bf8bc.jpg
INFO: [ app_init ] --START--
INFO: Run Behavior\BuildLiteBehavior [ RunTime:0.000176s ]
INFO: [ app_init ] --END-- [ RunTime:0.001555s ]
ERR: 无法加载模块:Upload

[ 2017-04-13T10:01:22+08:00 ] ::1 /axd/upload/slide/58eed848bf8bc.jpg
INFO: [ app_init ] --START--
INFO: Run Behavior\BuildLiteBehavior [ RunTime:0.000176s ]
INFO: [ app_init ] --END-- [ RunTime:0.001732s ]
ERR: 无法加载模块:Upload

[ 2017-04-13T10:02:24+08:00 ] ::1 /axd/upload/slide/58eed848bf8bc.jpg
INFO: [ app_init ] --START--
INFO: Run Behavior\BuildLiteBehavior [ RunTime:0.000407s ]
INFO: [ app_init ] --END-- [ RunTime:0.002462s ]
ERR: 无法加载模块:Upload

[ 2017-04-13T10:03:31+08:00 ] ::1 /axd/upload/slide/58eed848bf8bc.jpg
INFO: [ app_init ] --START--
INFO: Run Behavior\BuildLiteBehavior [ RunTime:0.000276s ]
INFO: [ app_init ] --END-- [ RunTime:0.002584s ]
ERR: 无法加载模块:Upload

[ 2017-04-13T10:06:00+08:00 ] ::1 /axd/upload/slide/58eed848bf8bc.jpg
INFO: [ app_init ] --START--
INFO: Run Behavior\BuildLiteBehavior [ RunTime:0.000223s ]
INFO: [ app_init ] --END-- [ RunTime:0.001573s ]
ERR: 无法加载模块:Upload

[ 2017-04-13T10:08:18+08:00 ] ::1 /axd/upload/slide/58eed848bf8bc.jpg
INFO: [ app_init ] --START--
INFO: Run Behavior\BuildLiteBehavior [ RunTime:0.000178s ]
INFO: [ app_init ] --END-- [ RunTime:0.001650s ]
ERR: 无法加载模块:Upload

[ 2017-04-13T10:09:13+08:00 ] ::1 /axd/upload/slide/upload/slide/58eed848bf8bc.jpg
INFO: [ app_init ] --START--
INFO: Run Behavior\BuildLiteBehavior [ RunTime:0.000258s ]
INFO: [ app_init ] --END-- [ RunTime:0.002263s ]
ERR: 无法加载模块:Upload

[ 2017-04-13T10:10:08+08:00 ] ::1 /axd/upload/slide/upload/slide/58eed848bf8bc.jpg
INFO: [ app_init ] --START--
INFO: Run Behavior\BuildLiteBehavior [ RunTime:0.000175s ]
INFO: [ app_init ] --END-- [ RunTime:0.001627s ]
ERR: 无法加载模块:Upload

[ 2017-04-13T10:11:41+08:00 ] ::1 /axd/upload/slide/58eed62815278.jpg
INFO: [ app_init ] --START--
INFO: Run Behavior\BuildLiteBehavior [ RunTime:0.000179s ]
INFO: [ app_init ] --END-- [ RunTime:0.002734s ]
ERR: 无法加载模块:Upload

[ 2017-04-13T10:12:27+08:00 ] ::1 /axd/upload/slide/58eede73f2494.jpg
INFO: [ app_init ] --START--
INFO: Run Behavior\BuildLiteBehavior [ RunTime:0.000386s ]
INFO: [ app_init ] --END-- [ RunTime:0.002268s ]
ERR: 无法加载模块:Upload

[ 2017-04-13T10:13:16+08:00 ] ::1 /axd/upload/slide/58eede73f2494.jpg
INFO: [ app_init ] --START--
INFO: Run Behavior\BuildLiteBehavior [ RunTime:0.000177s ]
INFO: [ app_init ] --END-- [ RunTime:0.002364s ]
ERR: 无法加载模块:Upload

