[ 2017-04-17T09:12:03+08:00 ] ::1 /axd/ico.ico
INFO: [ app_init ] --START--
INFO: Run Behavior\BuildLiteBehavior [ RunTime:0.000173s ]
INFO: [ app_init ] --END-- [ RunTime:0.001758s ]
ERR: 无法加载模块:Ico

[ 2017-04-17T09:12:20+08:00 ] ::1 /ico.ico
INFO: [ app_init ] --START--
INFO: Run Behavior\BuildLiteBehavior [ RunTime:0.000271s ]
INFO: [ app_init ] --END-- [ RunTime:0.002757s ]
ERR: 无法加载模块:Ico

[ 2017-04-17T09:12:31+08:00 ] ::1 /favicon.ico
INFO: [ app_init ] --START--
INFO: Run Behavior\BuildLiteBehavior [ RunTime:0.003074s ]
INFO: [ app_init ] --END-- [ RunTime:0.004831s ]
ERR: 无法加载模块:Favicon

[ 2017-04-17T09:12:50+08:00 ] ::1 /Public/editor//Public/code/prettify.js
INFO: [ app_init ] --START--
INFO: Run Behavior\BuildLiteBehavior [ RunTime:0.000285s ]
INFO: [ app_init ] --END-- [ RunTime:0.002354s ]
ERR: 无法加载模块:Public

[ 2017-04-17T09:12:50+08:00 ] ::1 /Public/editor//Public/code/prettify.css
INFO: [ app_init ] --START--
INFO: Run Behavior\BuildLiteBehavior [ RunTime:0.000186s ]
INFO: [ app_init ] --END-- [ RunTime:0.001714s ]
ERR: 无法加载模块:Public

[ 2017-04-17T09:12:51+08:00 ] ::1 /Public/editor/code/prettify.css
INFO: [ app_init ] --START--
INFO: Run Behavior\BuildLiteBehavior [ RunTime:0.000291s ]
INFO: [ app_init ] --END-- [ RunTime:0.003121s ]
ERR: 无法加载模块:Public

[ 2017-04-17T09:13:10+08:00 ] ::1 /Public/editor//Public/code/prettify.css
INFO: [ app_init ] --START--
INFO: Run Behavior\BuildLiteBehavior [ RunTime:0.000194s ]
INFO: [ app_init ] --END-- [ RunTime:0.002260s ]
ERR: 无法加载模块:Public

[ 2017-04-17T09:13:10+08:00 ] ::1 /Public/editor//Public/code/prettify.js
INFO: [ app_init ] --START--
INFO: Run Behavior\BuildLiteBehavior [ RunTime:0.000298s ]
INFO: [ app_init ] --END-- [ RunTime:0.003174s ]
ERR: 无法加载模块:Public

[ 2017-04-17T09:13:10+08:00 ] ::1 /Public/editor/code/prettify.css
INFO: [ app_init ] --START--
INFO: Run Behavior\BuildLiteBehavior [ RunTime:0.000273s ]
INFO: [ app_init ] --END-- [ RunTime:0.002882s ]
ERR: 无法加载模块:Public

[ 2017-04-17T09:13:11+08:00 ] ::1 /Public/editor//Public/code/prettify.css
INFO: [ app_init ] --START--
INFO: Run Behavior\BuildLiteBehavior [ RunTime:0.000293s ]
INFO: [ app_init ] --END-- [ RunTime:0.003062s ]
ERR: 无法加载模块:Public

[ 2017-04-17T09:13:11+08:00 ] ::1 /Public/editor//Public/code/prettify.js
INFO: [ app_init ] --START--
INFO: Run Behavior\BuildLiteBehavior [ RunTime:0.000181s ]
INFO: [ app_init ] --END-- [ RunTime:0.002228s ]
ERR: 无法加载模块:Public

[ 2017-04-17T09:13:11+08:00 ] ::1 /Public/editor/code/prettify.css
INFO: [ app_init ] --START--
INFO: Run Behavior\BuildLiteBehavior [ RunTime:0.000319s ]
INFO: [ app_init ] --END-- [ RunTime:0.002753s ]
ERR: 无法加载模块:Public

[ 2017-04-17T09:13:13+08:00 ] ::1 /Public/editor//Public/code/prettify.js
INFO: [ app_init ] --START--
INFO: Run Behavior\BuildLiteBehavior [ RunTime:0.000304s ]
INFO: [ app_init ] --END-- [ RunTime:0.002656s ]
ERR: 无法加载模块:Public

[ 2017-04-17T09:13:13+08:00 ] ::1 /Public/editor//Public/code/prettify.css
INFO: [ app_init ] --START--
INFO: Run Behavior\BuildLiteBehavior [ RunTime:0.000224s ]
INFO: [ app_init ] --END-- [ RunTime:0.002291s ]
ERR: 无法加载模块:Public

[ 2017-04-17T09:13:13+08:00 ] ::1 /Public/editor/code/prettify.css
INFO: [ app_init ] --START--
INFO: Run Behavior\BuildLiteBehavior [ RunTime:0.000155s ]
INFO: [ app_init ] --END-- [ RunTime:0.001643s ]
ERR: 无法加载模块:Public

[ 2017-04-17T10:34:56+08:00 ] ::1 /upload/image/20161201/20161201152128_50230.jpg
INFO: [ app_init ] --START--
INFO: Run Behavior\BuildLiteBehavior [ RunTime:0.000175s ]
INFO: [ app_init ] --END-- [ RunTime:0.001519s ]
ERR: 无法加载模块:Upload

[ 2017-04-17T10:34:56+08:00 ] ::1 /upload/image/20161201/20161201151905_55168.jpg
INFO: [ app_init ] --START--
INFO: Run Behavior\BuildLiteBehavior [ RunTime:0.000515s ]
INFO: [ app_init ] --END-- [ RunTime:0.004155s ]
ERR: 无法加载模块:Upload

[ 2017-04-17T10:34:56+08:00 ] ::1 /upload/image/20161201/20161201152028_38646.jpg
INFO: [ app_init ] --START--
INFO: Run Behavior\BuildLiteBehavior [ RunTime:0.000302s ]
INFO: [ app_init ] --END-- [ RunTime:0.006222s ]
ERR: 无法加载模块:Upload

[ 2017-04-17T10:34:56+08:00 ] ::1 /upload/image/20161201/20161201152146_60136.jpg
INFO: [ app_init ] --START--
INFO: Run Behavior\BuildLiteBehavior [ RunTime:0.000887s ]
INFO: [ app_init ] --END-- [ RunTime:0.004646s ]
ERR: 无法加载模块:Upload

[ 2017-04-17T10:34:56+08:00 ] ::1 /upload/image/20161201/20161201151919_33245.jpg
INFO: [ app_init ] --START--
INFO: Run Behavior\BuildLiteBehavior [ RunTime:0.001167s ]
INFO: [ app_init ] --END-- [ RunTime:0.004777s ]
ERR: 无法加载模块:Upload

[ 2017-04-17T10:37:26+08:00 ] ::1 /upload/image/20161201/20161201152146_60136.jpg
INFO: [ app_init ] --START--
INFO: Run Behavior\BuildLiteBehavior [ RunTime:0.000312s ]
INFO: [ app_init ] --END-- [ RunTime:0.003537s ]
ERR: 无法加载模块:Upload

[ 2017-04-17T10:37:26+08:00 ] ::1 /upload/image/20161201/20161201151905_55168.jpg
INFO: [ app_init ] --START--
INFO: Run Behavior\BuildLiteBehavior [ RunTime:0.000628s ]
INFO: [ app_init ] --END-- [ RunTime:0.004684s ]
ERR: 无法加载模块:Upload

[ 2017-04-17T10:37:26+08:00 ] ::1 /upload/image/20161201/20161201152028_38646.jpg
INFO: [ app_init ] --START--
INFO: Run Behavior\BuildLiteBehavior [ RunTime:0.000345s ]
INFO: [ app_init ] --END-- [ RunTime:0.003374s ]
ERR: 无法加载模块:Upload

[ 2017-04-17T10:37:26+08:00 ] ::1 /upload/image/20161201/20161201152128_50230.jpg
INFO: [ app_init ] --START--
INFO: Run Behavior\BuildLiteBehavior [ RunTime:0.000859s ]
INFO: [ app_init ] --END-- [ RunTime:0.005065s ]
ERR: 无法加载模块:Upload

[ 2017-04-17T10:37:26+08:00 ] ::1 /upload/image/20161201/20161201151919_33245.jpg
INFO: [ app_init ] --START--
INFO: Run Behavior\BuildLiteBehavior [ RunTime:0.000899s ]
INFO: [ app_init ] --END-- [ RunTime:0.005067s ]
ERR: 无法加载模块:Upload

[ 2017-04-17T10:38:15+08:00 ] ::1 /upload/image/20161201/20161201151919_33245.jpg
INFO: [ app_init ] --START--
INFO: Run Behavior\BuildLiteBehavior [ RunTime:0.000735s ]
INFO: [ app_init ] --END-- [ RunTime:0.003953s ]
ERR: 无法加载模块:Upload

[ 2017-04-17T10:38:15+08:00 ] ::1 /upload/image/20161201/20161201152146_60136.jpg
INFO: [ app_init ] --START--
INFO: Run Behavior\BuildLiteBehavior [ RunTime:0.001230s ]
INFO: [ app_init ] --END-- [ RunTime:0.005607s ]
ERR: 无法加载模块:Upload

[ 2017-04-17T10:38:15+08:00 ] ::1 /upload/image/20161201/20161201152128_50230.jpg
INFO: [ app_init ] --START--
INFO: Run Behavior\BuildLiteBehavior [ RunTime:0.000506s ]
INFO: [ app_init ] --END-- [ RunTime:0.004747s ]
ERR: 无法加载模块:Upload

[ 2017-04-17T10:38:15+08:00 ] ::1 /upload/image/20161201/20161201152028_38646.jpg
INFO: [ app_init ] --START--
INFO: Run Behavior\BuildLiteBehavior [ RunTime:0.000477s ]
INFO: [ app_init ] --END-- [ RunTime:0.006070s ]
ERR: 无法加载模块:Upload

[ 2017-04-17T10:38:15+08:00 ] ::1 /upload/image/20161201/20161201151905_55168.jpg
INFO: [ app_init ] --START--
INFO: Run Behavior\BuildLiteBehavior [ RunTime:0.000793s ]
INFO: [ app_init ] --END-- [ RunTime:0.007379s ]
ERR: 无法加载模块:Upload

[ 2017-04-17T10:38:32+08:00 ] ::1 /upload/image/20161201/20161201151905_55168.jpg
INFO: [ app_init ] --START--
INFO: Run Behavior\BuildLiteBehavior [ RunTime:0.000186s ]
INFO: [ app_init ] --END-- [ RunTime:0.001539s ]
ERR: 无法加载模块:Upload

[ 2017-04-17T10:38:32+08:00 ] ::1 /upload/image/20161201/20161201151919_33245.jpg
INFO: [ app_init ] --START--
INFO: Run Behavior\BuildLiteBehavior [ RunTime:0.000383s ]
INFO: [ app_init ] --END-- [ RunTime:0.004257s ]
ERR: 无法加载模块:Upload

[ 2017-04-17T10:38:33+08:00 ] ::1 /upload/image/20161201/20161201152146_60136.jpg
INFO: [ app_init ] --START--
INFO: Run Behavior\BuildLiteBehavior [ RunTime:0.000328s ]
INFO: [ app_init ] --END-- [ RunTime:0.006595s ]
ERR: 无法加载模块:Upload

[ 2017-04-17T10:38:33+08:00 ] ::1 /upload/image/20161201/20161201152028_38646.jpg
INFO: [ app_init ] --START--
INFO: Run Behavior\BuildLiteBehavior [ RunTime:0.000967s ]
INFO: [ app_init ] --END-- [ RunTime:0.006217s ]
ERR: 无法加载模块:Upload

[ 2017-04-17T10:38:33+08:00 ] ::1 /upload/image/20161201/20161201152128_50230.jpg
INFO: [ app_init ] --START--
INFO: Run Behavior\BuildLiteBehavior [ RunTime:0.000625s ]
INFO: [ app_init ] --END-- [ RunTime:0.005344s ]
ERR: 无法加载模块:Upload

[ 2017-04-17T10:38:47+08:00 ] ::1 /upload/image/20161201/20161201151919_33245.jpg
INFO: [ app_init ] --START--
INFO: Run Behavior\BuildLiteBehavior [ RunTime:0.000206s ]
INFO: [ app_init ] --END-- [ RunTime:0.002536s ]
ERR: 无法加载模块:Upload

[ 2017-04-17T10:38:47+08:00 ] ::1 /upload/image/20161201/20161201151905_55168.jpg
INFO: [ app_init ] --START--
INFO: Run Behavior\BuildLiteBehavior [ RunTime:0.000620s ]
INFO: [ app_init ] --END-- [ RunTime:0.003285s ]
ERR: 无法加载模块:Upload

[ 2017-04-17T10:38:47+08:00 ] ::1 /upload/image/20161201/20161201152028_38646.jpg
INFO: [ app_init ] --START--
INFO: Run Behavior\BuildLiteBehavior [ RunTime:0.000810s ]
INFO: [ app_init ] --END-- [ RunTime:0.005895s ]
ERR: 无法加载模块:Upload

[ 2017-04-17T10:38:47+08:00 ] ::1 /upload/image/20161201/20161201152146_60136.jpg
INFO: [ app_init ] --START--
INFO: Run Behavior\BuildLiteBehavior [ RunTime:0.000180s ]
INFO: [ app_init ] --END-- [ RunTime:0.001848s ]
ERR: 无法加载模块:Upload

[ 2017-04-17T10:38:47+08:00 ] ::1 /upload/image/20161201/20161201152128_50230.jpg
INFO: [ app_init ] --START--
INFO: Run Behavior\BuildLiteBehavior [ RunTime:0.000382s ]
INFO: [ app_init ] --END-- [ RunTime:0.003146s ]
ERR: 无法加载模块:Upload

[ 2017-04-17T10:39:49+08:00 ] ::1 /upload/image/20161201/20161201151905_55168.jpg
INFO: [ app_init ] --START--
INFO: Run Behavior\BuildLiteBehavior [ RunTime:0.000561s ]
INFO: [ app_init ] --END-- [ RunTime:0.004942s ]
ERR: 无法加载模块:Upload

[ 2017-04-17T10:39:49+08:00 ] ::1 /upload/image/20161201/20161201152146_60136.jpg
INFO: [ app_init ] --START--
INFO: Run Behavior\BuildLiteBehavior [ RunTime:0.000917s ]
INFO: [ app_init ] --END-- [ RunTime:0.008496s ]
ERR: 无法加载模块:Upload

[ 2017-04-17T10:39:49+08:00 ] ::1 /upload/image/20161201/20161201151919_33245.jpg
INFO: [ app_init ] --START--
INFO: Run Behavior\BuildLiteBehavior [ RunTime:0.000331s ]
INFO: [ app_init ] --END-- [ RunTime:0.003746s ]
ERR: 无法加载模块:Upload

[ 2017-04-17T10:39:49+08:00 ] ::1 /upload/image/20161201/20161201152028_38646.jpg
INFO: [ app_init ] --START--
INFO: Run Behavior\BuildLiteBehavior [ RunTime:0.000518s ]
INFO: [ app_init ] --END-- [ RunTime:0.003644s ]
ERR: 无法加载模块:Upload

[ 2017-04-17T10:39:49+08:00 ] ::1 /upload/image/20161201/20161201152128_50230.jpg
INFO: [ app_init ] --START--
INFO: Run Behavior\BuildLiteBehavior [ RunTime:0.000369s ]
INFO: [ app_init ] --END-- [ RunTime:0.008462s ]
ERR: 无法加载模块:Upload

[ 2017-04-17T10:40:04+08:00 ] ::1 /upload/image/20161201/20161201152028_38646.jpg
INFO: [ app_init ] --START--
INFO: Run Behavior\BuildLiteBehavior [ RunTime:0.000196s ]
INFO: [ app_init ] --END-- [ RunTime:0.001607s ]
ERR: 无法加载模块:Upload

[ 2017-04-17T10:40:04+08:00 ] ::1 /upload/image/20161201/20161201151905_55168.jpg
INFO: [ app_init ] --START--
INFO: Run Behavior\BuildLiteBehavior [ RunTime:0.000192s ]
INFO: [ app_init ] --END-- [ RunTime:0.001615s ]
ERR: 无法加载模块:Upload

[ 2017-04-17T10:40:04+08:00 ] ::1 /upload/image/20161201/20161201151919_33245.jpg
INFO: [ app_init ] --START--
INFO: Run Behavior\BuildLiteBehavior [ RunTime:0.000195s ]
INFO: [ app_init ] --END-- [ RunTime:0.002605s ]
ERR: 无法加载模块:Upload

[ 2017-04-17T10:40:04+08:00 ] ::1 /upload/image/20161201/20161201152146_60136.jpg
INFO: [ app_init ] --START--
INFO: Run Behavior\BuildLiteBehavior [ RunTime:0.000663s ]
INFO: [ app_init ] --END-- [ RunTime:0.006591s ]
ERR: 无法加载模块:Upload

[ 2017-04-17T10:40:04+08:00 ] ::1 /upload/image/20161201/20161201152128_50230.jpg
INFO: [ app_init ] --START--
INFO: Run Behavior\BuildLiteBehavior [ RunTime:0.000249s ]
INFO: [ app_init ] --END-- [ RunTime:0.003451s ]
ERR: 无法加载模块:Upload

[ 2017-04-17T10:41:14+08:00 ] ::1 /upload/image/20161201/20161201152146_60136.jpg
INFO: [ app_init ] --START--
INFO: Run Behavior\BuildLiteBehavior [ RunTime:0.000350s ]
INFO: [ app_init ] --END-- [ RunTime:0.003926s ]
ERR: 无法加载模块:Upload

[ 2017-04-17T10:41:14+08:00 ] ::1 /upload/image/20161201/20161201152028_38646.jpg
INFO: [ app_init ] --START--
INFO: Run Behavior\BuildLiteBehavior [ RunTime:0.001074s ]
INFO: [ app_init ] --END-- [ RunTime:0.004085s ]
ERR: 无法加载模块:Upload

[ 2017-04-17T10:41:14+08:00 ] ::1 /upload/image/20161201/20161201152128_50230.jpg
INFO: [ app_init ] --START--
INFO: Run Behavior\BuildLiteBehavior [ RunTime:0.000763s ]
INFO: [ app_init ] --END-- [ RunTime:0.005980s ]
ERR: 无法加载模块:Upload

[ 2017-04-17T10:41:14+08:00 ] ::1 /upload/image/20161201/20161201151919_33245.jpg
INFO: [ app_init ] --START--
INFO: Run Behavior\BuildLiteBehavior [ RunTime:0.000307s ]
INFO: [ app_init ] --END-- [ RunTime:0.004185s ]
ERR: 无法加载模块:Upload

[ 2017-04-17T10:41:14+08:00 ] ::1 /upload/image/20161201/20161201151905_55168.jpg
INFO: [ app_init ] --START--
INFO: Run Behavior\BuildLiteBehavior [ RunTime:0.000302s ]
INFO: [ app_init ] --END-- [ RunTime:0.002239s ]
ERR: 无法加载模块:Upload

[ 2017-04-17T10:41:36+08:00 ] ::1 /upload/image/20161201/20161201152146_60136.jpg
INFO: [ app_init ] --START--
INFO: Run Behavior\BuildLiteBehavior [ RunTime:0.000212s ]
INFO: [ app_init ] --END-- [ RunTime:0.001680s ]
ERR: 无法加载模块:Upload

[ 2017-04-17T10:41:36+08:00 ] ::1 /upload/image/20161201/20161201152028_38646.jpg
INFO: [ app_init ] --START--
INFO: Run Behavior\BuildLiteBehavior [ RunTime:0.000180s ]
INFO: [ app_init ] --END-- [ RunTime:0.001757s ]
ERR: 无法加载模块:Upload

[ 2017-04-17T10:41:36+08:00 ] ::1 /upload/image/20161201/20161201151919_33245.jpg
INFO: [ app_init ] --START--
INFO: Run Behavior\BuildLiteBehavior [ RunTime:0.000322s ]
INFO: [ app_init ] --END-- [ RunTime:0.002051s ]
ERR: 无法加载模块:Upload

[ 2017-04-17T10:41:36+08:00 ] ::1 /upload/image/20161201/20161201152128_50230.jpg
INFO: [ app_init ] --START--
INFO: Run Behavior\BuildLiteBehavior [ RunTime:0.000234s ]
INFO: [ app_init ] --END-- [ RunTime:0.002374s ]
ERR: 无法加载模块:Upload

[ 2017-04-17T10:41:36+08:00 ] ::1 /upload/image/20161201/20161201151905_55168.jpg
INFO: [ app_init ] --START--
INFO: Run Behavior\BuildLiteBehavior [ RunTime:0.000276s ]
INFO: [ app_init ] --END-- [ RunTime:0.002249s ]
ERR: 无法加载模块:Upload

[ 2017-04-17T10:41:57+08:00 ] ::1 /upload/image/20161201/20161201152028_38646.jpg
INFO: [ app_init ] --START--
INFO: Run Behavior\BuildLiteBehavior [ RunTime:0.000326s ]
INFO: [ app_init ] --END-- [ RunTime:0.002970s ]
ERR: 无法加载模块:Upload

[ 2017-04-17T10:41:57+08:00 ] ::1 /upload/image/20161201/20161201152146_60136.jpg
INFO: [ app_init ] --START--
INFO: Run Behavior\BuildLiteBehavior [ RunTime:0.001556s ]
INFO: [ app_init ] --END-- [ RunTime:0.006306s ]
ERR: 无法加载模块:Upload

[ 2017-04-17T10:41:57+08:00 ] ::1 /upload/image/20161201/20161201151905_55168.jpg
INFO: [ app_init ] --START--
INFO: Run Behavior\BuildLiteBehavior [ RunTime:0.000531s ]
INFO: [ app_init ] --END-- [ RunTime:0.003382s ]
ERR: 无法加载模块:Upload

[ 2017-04-17T10:41:57+08:00 ] ::1 /upload/image/20161201/20161201152128_50230.jpg
INFO: [ app_init ] --START--
INFO: Run Behavior\BuildLiteBehavior [ RunTime:0.000492s ]
INFO: [ app_init ] --END-- [ RunTime:0.004003s ]
ERR: 无法加载模块:Upload

[ 2017-04-17T10:41:57+08:00 ] ::1 /upload/image/20161201/20161201151919_33245.jpg
INFO: [ app_init ] --START--
INFO: Run Behavior\BuildLiteBehavior [ RunTime:0.000360s ]
INFO: [ app_init ] --END-- [ RunTime:0.004972s ]
ERR: 无法加载模块:Upload

[ 2017-04-17T10:42:02+08:00 ] ::1 /upload/image/20161201/20161201152146_60136.jpg
INFO: [ app_init ] --START--
INFO: Run Behavior\BuildLiteBehavior [ RunTime:0.000324s ]
INFO: [ app_init ] --END-- [ RunTime:0.003980s ]
ERR: 无法加载模块:Upload

[ 2017-04-17T10:42:02+08:00 ] ::1 /upload/image/20161201/20161201151905_55168.jpg
INFO: [ app_init ] --START--
INFO: Run Behavior\BuildLiteBehavior [ RunTime:0.000320s ]
INFO: [ app_init ] --END-- [ RunTime:0.003076s ]
ERR: 无法加载模块:Upload

[ 2017-04-17T10:42:02+08:00 ] ::1 /upload/image/20161201/20161201151919_33245.jpg
INFO: [ app_init ] --START--
INFO: Run Behavior\BuildLiteBehavior [ RunTime:0.000342s ]
INFO: [ app_init ] --END-- [ RunTime:0.003505s ]
ERR: 无法加载模块:Upload

[ 2017-04-17T10:42:02+08:00 ] ::1 /upload/image/20161201/20161201152128_50230.jpg
INFO: [ app_init ] --START--
INFO: Run Behavior\BuildLiteBehavior [ RunTime:0.000306s ]
INFO: [ app_init ] --END-- [ RunTime:0.002574s ]
ERR: 无法加载模块:Upload

[ 2017-04-17T10:42:02+08:00 ] ::1 /upload/image/20161201/20161201152028_38646.jpg
INFO: [ app_init ] --START--
INFO: Run Behavior\BuildLiteBehavior [ RunTime:0.000226s ]
INFO: [ app_init ] --END-- [ RunTime:0.002011s ]
ERR: 无法加载模块:Upload

[ 2017-04-17T10:42:35+08:00 ] ::1 /upload/image/20161201/20161201152146_60136.jpg
INFO: [ app_init ] --START--
INFO: Run Behavior\BuildLiteBehavior [ RunTime:0.000815s ]
INFO: [ app_init ] --END-- [ RunTime:0.006146s ]
ERR: 无法加载模块:Upload

[ 2017-04-17T10:42:35+08:00 ] ::1 /upload/image/20161201/20161201152028_38646.jpg
INFO: [ app_init ] --START--
INFO: Run Behavior\BuildLiteBehavior [ RunTime:0.000354s ]
INFO: [ app_init ] --END-- [ RunTime:0.004452s ]
ERR: 无法加载模块:Upload

[ 2017-04-17T10:42:35+08:00 ] ::1 /upload/image/20161201/20161201151905_55168.jpg
INFO: [ app_init ] --START--
INFO: Run Behavior\BuildLiteBehavior [ RunTime:0.000304s ]
INFO: [ app_init ] --END-- [ RunTime:0.004501s ]
ERR: 无法加载模块:Upload

[ 2017-04-17T10:42:35+08:00 ] ::1 /upload/image/20161201/20161201152128_50230.jpg
INFO: [ app_init ] --START--
INFO: Run Behavior\BuildLiteBehavior [ RunTime:0.002430s ]
INFO: [ app_init ] --END-- [ RunTime:0.007002s ]
ERR: 无法加载模块:Upload

[ 2017-04-17T10:42:35+08:00 ] ::1 /upload/image/20161201/20161201151919_33245.jpg
INFO: [ app_init ] --START--
INFO: Run Behavior\BuildLiteBehavior [ RunTime:0.000479s ]
INFO: [ app_init ] --END-- [ RunTime:0.003788s ]
ERR: 无法加载模块:Upload

[ 2017-04-17T10:44:22+08:00 ] ::1 /upload/image/20161201/20161201152028_38646.jpg
INFO: [ app_init ] --START--
INFO: Run Behavior\BuildLiteBehavior [ RunTime:0.000187s ]
INFO: [ app_init ] --END-- [ RunTime:0.001570s ]
ERR: 无法加载模块:Upload

[ 2017-04-17T10:44:22+08:00 ] ::1 /upload/image/20161201/20161201151919_33245.jpg
INFO: [ app_init ] --START--
INFO: Run Behavior\BuildLiteBehavior [ RunTime:0.001101s ]
INFO: [ app_init ] --END-- [ RunTime:0.004120s ]
ERR: 无法加载模块:Upload

[ 2017-04-17T10:44:22+08:00 ] ::1 /upload/image/20161201/20161201152128_50230.jpg
INFO: [ app_init ] --START--
INFO: Run Behavior\BuildLiteBehavior [ RunTime:0.000310s ]
INFO: [ app_init ] --END-- [ RunTime:0.004298s ]
ERR: 无法加载模块:Upload

[ 2017-04-17T10:44:22+08:00 ] ::1 /upload/image/20161201/20161201151905_55168.jpg
INFO: [ app_init ] --START--
INFO: Run Behavior\BuildLiteBehavior [ RunTime:0.000983s ]
INFO: [ app_init ] --END-- [ RunTime:0.005010s ]
ERR: 无法加载模块:Upload

[ 2017-04-17T10:44:22+08:00 ] ::1 /upload/image/20161201/20161201152146_60136.jpg
INFO: [ app_init ] --START--
INFO: Run Behavior\BuildLiteBehavior [ RunTime:0.000657s ]
INFO: [ app_init ] --END-- [ RunTime:0.005637s ]
ERR: 无法加载模块:Upload

[ 2017-04-17T10:45:35+08:00 ] ::1 /upload/image/20161201/20161201152028_38646.jpg
INFO: [ app_init ] --START--
INFO: Run Behavior\BuildLiteBehavior [ RunTime:0.000338s ]
INFO: [ app_init ] --END-- [ RunTime:0.002403s ]
ERR: 无法加载模块:Upload

[ 2017-04-17T10:45:35+08:00 ] ::1 /upload/image/20161201/20161201152128_50230.jpg
INFO: [ app_init ] --START--
INFO: Run Behavior\BuildLiteBehavior [ RunTime:0.000596s ]
INFO: [ app_init ] --END-- [ RunTime:0.003322s ]
ERR: 无法加载模块:Upload

[ 2017-04-17T10:45:35+08:00 ] ::1 /upload/image/20161201/20161201152146_60136.jpg
INFO: [ app_init ] --START--
INFO: Run Behavior\BuildLiteBehavior [ RunTime:0.000591s ]
INFO: [ app_init ] --END-- [ RunTime:0.003207s ]
ERR: 无法加载模块:Upload

[ 2017-04-17T10:45:35+08:00 ] ::1 /upload/image/20161201/20161201151919_33245.jpg
INFO: [ app_init ] --START--
INFO: Run Behavior\BuildLiteBehavior [ RunTime:0.000312s ]
INFO: [ app_init ] --END-- [ RunTime:0.002629s ]
ERR: 无法加载模块:Upload

[ 2017-04-17T10:45:35+08:00 ] ::1 /upload/image/20161201/20161201151905_55168.jpg
INFO: [ app_init ] --START--
INFO: Run Behavior\BuildLiteBehavior [ RunTime:0.000408s ]
INFO: [ app_init ] --END-- [ RunTime:0.001941s ]
ERR: 无法加载模块:Upload

[ 2017-04-17T10:45:37+08:00 ] ::1 /upload/image/20161201/20161201152128_50230.jpg
INFO: [ app_init ] --START--
INFO: Run Behavior\BuildLiteBehavior [ RunTime:0.000601s ]
INFO: [ app_init ] --END-- [ RunTime:0.003396s ]
ERR: 无法加载模块:Upload

[ 2017-04-17T10:45:37+08:00 ] ::1 /upload/image/20161201/20161201152146_60136.jpg
INFO: [ app_init ] --START--
INFO: Run Behavior\BuildLiteBehavior [ RunTime:0.000447s ]
INFO: [ app_init ] --END-- [ RunTime:0.003599s ]
ERR: 无法加载模块:Upload

[ 2017-04-17T10:45:37+08:00 ] ::1 /upload/image/20161201/20161201151919_33245.jpg
INFO: [ app_init ] --START--
INFO: Run Behavior\BuildLiteBehavior [ RunTime:0.000830s ]
INFO: [ app_init ] --END-- [ RunTime:0.006137s ]
ERR: 无法加载模块:Upload

[ 2017-04-17T10:45:37+08:00 ] ::1 /upload/image/20161201/20161201152028_38646.jpg
INFO: [ app_init ] --START--
INFO: Run Behavior\BuildLiteBehavior [ RunTime:0.000633s ]
INFO: [ app_init ] --END-- [ RunTime:0.005324s ]
ERR: 无法加载模块:Upload

[ 2017-04-17T10:45:37+08:00 ] ::1 /upload/image/20161201/20161201151905_55168.jpg
INFO: [ app_init ] --START--
INFO: Run Behavior\BuildLiteBehavior [ RunTime:0.000920s ]
INFO: [ app_init ] --END-- [ RunTime:0.006328s ]
ERR: 无法加载模块:Upload

[ 2017-04-17T10:45:44+08:00 ] ::1 /upload/image/20161201/20161201152028_38646.jpg
INFO: [ app_init ] --START--
INFO: Run Behavior\BuildLiteBehavior [ RunTime:0.000747s ]
INFO: [ app_init ] --END-- [ RunTime:0.010587s ]
ERR: 无法加载模块:Upload

[ 2017-04-17T10:45:44+08:00 ] ::1 /upload/image/20161201/20161201152146_60136.jpg
INFO: [ app_init ] --START--
INFO: Run Behavior\BuildLiteBehavior [ RunTime:0.001292s ]
INFO: [ app_init ] --END-- [ RunTime:0.004977s ]
ERR: 无法加载模块:Upload

[ 2017-04-17T10:45:44+08:00 ] ::1 /upload/image/20161201/20161201152128_50230.jpg
INFO: [ app_init ] --START--
INFO: Run Behavior\BuildLiteBehavior [ RunTime:0.001477s ]
INFO: [ app_init ] --END-- [ RunTime:0.007092s ]
ERR: 无法加载模块:Upload

[ 2017-04-17T10:45:44+08:00 ] ::1 /upload/image/20161201/20161201151905_55168.jpg
INFO: [ app_init ] --START--
INFO: Run Behavior\BuildLiteBehavior [ RunTime:0.000320s ]
INFO: [ app_init ] --END-- [ RunTime:0.003196s ]
ERR: 无法加载模块:Upload

[ 2017-04-17T10:45:44+08:00 ] ::1 /upload/image/20161201/20161201151919_33245.jpg
INFO: [ app_init ] --START--
INFO: Run Behavior\BuildLiteBehavior [ RunTime:0.000315s ]
INFO: [ app_init ] --END-- [ RunTime:0.005187s ]
ERR: 无法加载模块:Upload

[ 2017-04-17T10:45:56+08:00 ] ::1 /upload/image/20161201/20161201152028_38646.jpg
INFO: [ app_init ] --START--
INFO: Run Behavior\BuildLiteBehavior [ RunTime:0.000305s ]
INFO: [ app_init ] --END-- [ RunTime:0.003414s ]
ERR: 无法加载模块:Upload

[ 2017-04-17T10:45:56+08:00 ] ::1 /upload/image/20161201/20161201152146_60136.jpg
INFO: [ app_init ] --START--
INFO: Run Behavior\BuildLiteBehavior [ RunTime:0.000595s ]
INFO: [ app_init ] --END-- [ RunTime:0.003858s ]
ERR: 无法加载模块:Upload

[ 2017-04-17T10:45:56+08:00 ] ::1 /upload/image/20161201/20161201151905_55168.jpg
INFO: [ app_init ] --START--
INFO: Run Behavior\BuildLiteBehavior [ RunTime:0.000379s ]
INFO: [ app_init ] --END-- [ RunTime:0.002804s ]
ERR: 无法加载模块:Upload

[ 2017-04-17T10:45:56+08:00 ] ::1 /upload/image/20161201/20161201152128_50230.jpg
INFO: [ app_init ] --START--
INFO: Run Behavior\BuildLiteBehavior [ RunTime:0.000513s ]
INFO: [ app_init ] --END-- [ RunTime:0.004446s ]
ERR: 无法加载模块:Upload

[ 2017-04-17T10:45:56+08:00 ] ::1 /upload/image/20161201/20161201151919_33245.jpg
INFO: [ app_init ] --START--
INFO: Run Behavior\BuildLiteBehavior [ RunTime:0.000929s ]
INFO: [ app_init ] --END-- [ RunTime:0.010407s ]
ERR: 无法加载模块:Upload

[ 2017-04-17T10:46:00+08:00 ] ::1 /upload/image/20161201/20161201152028_38646.jpg
INFO: [ app_init ] --START--
INFO: Run Behavior\BuildLiteBehavior [ RunTime:0.008538s ]
INFO: [ app_init ] --END-- [ RunTime:0.017173s ]
ERR: 无法加载模块:Upload

[ 2017-04-17T10:46:00+08:00 ] ::1 /upload/image/20161201/20161201152128_50230.jpg
INFO: [ app_init ] --START--
INFO: Run Behavior\BuildLiteBehavior [ RunTime:0.000463s ]
INFO: [ app_init ] --END-- [ RunTime:0.003962s ]
ERR: 无法加载模块:Upload

[ 2017-04-17T10:46:00+08:00 ] ::1 /upload/image/20161201/20161201152146_60136.jpg
INFO: [ app_init ] --START--
INFO: Run Behavior\BuildLiteBehavior [ RunTime:0.001192s ]
INFO: [ app_init ] --END-- [ RunTime:0.005445s ]
ERR: 无法加载模块:Upload

[ 2017-04-17T10:46:00+08:00 ] ::1 /upload/image/20161201/20161201151919_33245.jpg
INFO: [ app_init ] --START--
INFO: Run Behavior\BuildLiteBehavior [ RunTime:0.000773s ]
INFO: [ app_init ] --END-- [ RunTime:0.005759s ]
ERR: 无法加载模块:Upload

[ 2017-04-17T10:46:00+08:00 ] ::1 /upload/image/20161201/20161201151905_55168.jpg
INFO: [ app_init ] --START--
INFO: Run Behavior\BuildLiteBehavior [ RunTime:0.000822s ]
INFO: [ app_init ] --END-- [ RunTime:0.006696s ]
ERR: 无法加载模块:Upload

[ 2017-04-17T10:46:15+08:00 ] ::1 /upload/image/20161201/20161201151919_33245.jpg
INFO: [ app_init ] --START--
INFO: Run Behavior\BuildLiteBehavior [ RunTime:0.000462s ]
INFO: [ app_init ] --END-- [ RunTime:0.005519s ]
ERR: 无法加载模块:Upload

[ 2017-04-17T10:46:16+08:00 ] ::1 /upload/image/20161201/20161201152146_60136.jpg
INFO: [ app_init ] --START--
INFO: Run Behavior\BuildLiteBehavior [ RunTime:0.000364s ]
INFO: [ app_init ] --END-- [ RunTime:0.003983s ]
ERR: 无法加载模块:Upload

[ 2017-04-17T10:46:16+08:00 ] ::1 /upload/image/20161201/20161201152028_38646.jpg
INFO: [ app_init ] --START--
INFO: Run Behavior\BuildLiteBehavior [ RunTime:0.000603s ]
INFO: [ app_init ] --END-- [ RunTime:0.006136s ]
ERR: 无法加载模块:Upload

[ 2017-04-17T10:46:16+08:00 ] ::1 /upload/image/20161201/20161201151905_55168.jpg
INFO: [ app_init ] --START--
INFO: Run Behavior\BuildLiteBehavior [ RunTime:0.000596s ]
INFO: [ app_init ] --END-- [ RunTime:0.004182s ]
ERR: 无法加载模块:Upload

[ 2017-04-17T10:46:16+08:00 ] ::1 /upload/image/20161201/20161201152128_50230.jpg
INFO: [ app_init ] --START--
INFO: Run Behavior\BuildLiteBehavior [ RunTime:0.000329s ]
INFO: [ app_init ] --END-- [ RunTime:0.003667s ]
ERR: 无法加载模块:Upload

[ 2017-04-17T10:46:46+08:00 ] ::1 /upload/image/20161201/20161201152028_38646.jpg
INFO: [ app_init ] --START--
INFO: Run Behavior\BuildLiteBehavior [ RunTime:0.002011s ]
INFO: [ app_init ] --END-- [ RunTime:0.005388s ]
ERR: 无法加载模块:Upload

[ 2017-04-17T10:46:46+08:00 ] ::1 /upload/image/20161201/20161201152128_50230.jpg
INFO: [ app_init ] --START--
INFO: Run Behavior\BuildLiteBehavior [ RunTime:0.000449s ]
INFO: [ app_init ] --END-- [ RunTime:0.003819s ]
ERR: 无法加载模块:Upload

[ 2017-04-17T10:46:46+08:00 ] ::1 /upload/image/20161201/20161201152146_60136.jpg
INFO: [ app_init ] --START--
INFO: Run Behavior\BuildLiteBehavior [ RunTime:0.000367s ]
INFO: [ app_init ] --END-- [ RunTime:0.003584s ]
ERR: 无法加载模块:Upload

[ 2017-04-17T10:46:46+08:00 ] ::1 /upload/image/20161201/20161201151919_33245.jpg
INFO: [ app_init ] --START--
INFO: Run Behavior\BuildLiteBehavior [ RunTime:0.000877s ]
INFO: [ app_init ] --END-- [ RunTime:0.005690s ]
ERR: 无法加载模块:Upload

[ 2017-04-17T10:46:46+08:00 ] ::1 /upload/image/20161201/20161201151905_55168.jpg
INFO: [ app_init ] --START--
INFO: Run Behavior\BuildLiteBehavior [ RunTime:0.000326s ]
INFO: [ app_init ] --END-- [ RunTime:0.003232s ]
ERR: 无法加载模块:Upload

[ 2017-04-17T10:47:00+08:00 ] ::1 /upload/image/20161201/20161201152146_60136.jpg
INFO: [ app_init ] --START--
INFO: Run Behavior\BuildLiteBehavior [ RunTime:0.000367s ]
INFO: [ app_init ] --END-- [ RunTime:0.003167s ]
ERR: 无法加载模块:Upload

[ 2017-04-17T10:47:00+08:00 ] ::1 /upload/image/20161201/20161201152128_50230.jpg
INFO: [ app_init ] --START--
INFO: Run Behavior\BuildLiteBehavior [ RunTime:0.000511s ]
INFO: [ app_init ] --END-- [ RunTime:0.004887s ]
ERR: 无法加载模块:Upload

[ 2017-04-17T10:47:00+08:00 ] ::1 /upload/image/20161201/20161201152028_38646.jpg
INFO: [ app_init ] --START--
INFO: Run Behavior\BuildLiteBehavior [ RunTime:0.000339s ]
INFO: [ app_init ] --END-- [ RunTime:0.006875s ]
ERR: 无法加载模块:Upload

[ 2017-04-17T10:47:00+08:00 ] ::1 /upload/image/20161201/20161201151919_33245.jpg
INFO: [ app_init ] --START--
INFO: Run Behavior\BuildLiteBehavior [ RunTime:0.001216s ]
INFO: [ app_init ] --END-- [ RunTime:0.005591s ]
ERR: 无法加载模块:Upload

[ 2017-04-17T10:47:00+08:00 ] ::1 /upload/image/20161201/20161201151905_55168.jpg
INFO: [ app_init ] --START--
INFO: Run Behavior\BuildLiteBehavior [ RunTime:0.000521s ]
INFO: [ app_init ] --END-- [ RunTime:0.003337s ]
ERR: 无法加载模块:Upload

[ 2017-04-17T10:47:03+08:00 ] ::1 /upload/image/20161201/20161201151905_55168.jpg
INFO: [ app_init ] --START--
INFO: Run Behavior\BuildLiteBehavior [ RunTime:0.001576s ]
INFO: [ app_init ] --END-- [ RunTime:0.008395s ]
ERR: 无法加载模块:Upload

[ 2017-04-17T10:47:03+08:00 ] ::1 /upload/image/20161201/20161201152128_50230.jpg
INFO: [ app_init ] --START--
INFO: Run Behavior\BuildLiteBehavior [ RunTime:0.000526s ]
INFO: [ app_init ] --END-- [ RunTime:0.003918s ]
ERR: 无法加载模块:Upload

[ 2017-04-17T10:47:03+08:00 ] ::1 /upload/image/20161201/20161201152028_38646.jpg
INFO: [ app_init ] --START--
INFO: Run Behavior\BuildLiteBehavior [ RunTime:0.001374s ]
INFO: [ app_init ] --END-- [ RunTime:0.006584s ]
ERR: 无法加载模块:Upload

[ 2017-04-17T10:47:03+08:00 ] ::1 /upload/image/20161201/20161201151919_33245.jpg
INFO: [ app_init ] --START--
INFO: Run Behavior\BuildLiteBehavior [ RunTime:0.000660s ]
INFO: [ app_init ] --END-- [ RunTime:0.007020s ]
ERR: 无法加载模块:Upload

[ 2017-04-17T10:47:03+08:00 ] ::1 /upload/image/20161201/20161201152146_60136.jpg
INFO: [ app_init ] --START--
INFO: Run Behavior\BuildLiteBehavior [ RunTime:0.000980s ]
INFO: [ app_init ] --END-- [ RunTime:0.007690s ]
ERR: 无法加载模块:Upload

